#-----------------------------------------------------------
# Vivado v2018.1 (64-bit)
# SW Build 2188600 on Wed Apr  4 18:40:38 MDT 2018
# IP Build 2185939 on Wed Apr  4 20:55:05 MDT 2018
# Start of session at: Wed Mar  1 15:03:23 2023
# Process ID: 22172
# Current directory: D:/UOM/Computer organization and Digital Design/Lab1
# Command line: vivado.exe -gui_launcher_event rodinguilauncherevent11916 D:\UOM\Computer organization and Digital Design\Lab1\Lab1.xpr
# Log file: D:/UOM/Computer organization and Digital Design/Lab1/vivado.log
# Journal file: D:/UOM/Computer organization and Digital Design/Lab1\vivado.jou
#-----------------------------------------------------------
start_gui
open_project {D:/UOM/Computer organization and Digital Design/Lab1/Lab1.xpr}
INFO: [Project 1-313] Project file moved from 'D:/LB1/Lab1' since last save.
Scanning sources...
Finished scanning sources
INFO: [IP_Flow 19-234] Refreshing IP repositories
INFO: [IP_Flow 19-1704] No user IP repositories specified
INFO: [IP_Flow 19-2313] Loaded Vivado IP repository 'D:/Xilinx_Vivado/Vivado/2018.1/data/ip'.
update_compile_order -fileset sources_1
exit
INFO: [Common 17-206] Exiting Vivado at Wed Mar  1 15:03:58 2023...
