#-----------------------------------------------------------
# Vivado v2018.1 (64-bit)
# SW Build 2188600 on Wed Apr  4 18:40:38 MDT 2018
# IP Build 2185939 on Wed Apr  4 20:55:05 MDT 2018
# Start of session at: Wed Mar 22 02:55:17 2023
# Process ID: 8700
# Current directory: D:/UOM/2nd Semester/Computer organization and Digital Design/Lab_4/current
# Command line: vivado.exe -gui_launcher_event rodinguilauncherevent16820 D:\UOM\2nd Semester\Computer organization and Digital Design\Lab_4\current\Lab_4.xpr
# Log file: D:/UOM/2nd Semester/Computer organization and Digital Design/Lab_4/current/vivado.log
# Journal file: D:/UOM/2nd Semester/Computer organization and Digital Design/Lab_4/current\vivado.jou
#-----------------------------------------------------------
start_gui
open_project {D:/UOM/2nd Semester/Computer organization and Digital Design/Lab_4/current/Lab_4.xpr}
INFO: [Project 1-313] Project file moved from 'D:/UOM/2nd Semester/Computer organization and Digital Design/Lab_4' since last save.
Scanning sources...
Finished scanning sources
INFO: [IP_Flow 19-234] Refreshing IP repositories
INFO: [IP_Flow 19-1704] No user IP repositories specified
INFO: [IP_Flow 19-2313] Loaded Vivado IP repository 'D:/Xilinx_Vivado/Vivado/2018.1/data/ip'.
update_compile_order -fileset sources_1
close [ open {D:/UOM/2nd Semester/Computer organization and Digital Design/Lab_4/current/Lab_4.srcs/sources_1/new/Decoder_3_to_8.v} w ]
add_files {{D:/UOM/2nd Semester/Computer organization and Digital Design/Lab_4/current/Lab_4.srcs/sources_1/new/Decoder_3_to_8.v}}
update_compile_order -fileset sources_1
export_ip_user_files -of_objects  [get_files {{D:/UOM/2nd Semester/Computer organization and Digital Design/Lab_4/current/Lab_4.srcs/sources_1/new/Decoder_3_to_8.v}}] -no_script -reset -force -quiet
remove_files  {{D:/UOM/2nd Semester/Computer organization and Digital Design/Lab_4/current/Lab_4.srcs/sources_1/new/Decoder_3_to_8.v}}
file delete -force {D:/UOM/2nd Semester/Computer organization and Digital Design/Lab_4/current/Lab_4.srcs/sources_1/new/Decoder_3_to_8.v}
close [ open {D:/UOM/2nd Semester/Computer organization and Digital Design/Lab_4/current/Lab_4.srcs/sources_1/new/Decoder_3_to_8.vhd} w ]
add_files {{D:/UOM/2nd Semester/Computer organization and Digital Design/Lab_4/current/Lab_4.srcs/sources_1/new/Decoder_3_to_8.vhd}}
update_compile_order -fileset sources_1
update_compile_order -fileset sources_1
set_property SOURCE_SET sources_1 [get_filesets sim_1]
close [ open {D:/UOM/2nd Semester/Computer organization and Digital Design/Lab_4/current/Lab_4.srcs/sim_1/new/TB_Decoder_3_to_8.vhd} w ]
add_files -fileset sim_1 {{D:/UOM/2nd Semester/Computer organization and Digital Design/Lab_4/current/Lab_4.srcs/sim_1/new/TB_Decoder_3_to_8.vhd}}
update_compile_order -fileset sim_1
reset_run synth_1
launch_runs synth_1 -jobs 8
[Wed Mar 22 03:00:50 2023] Launched synth_1...
Run output will be captured here: D:/UOM/2nd Semester/Computer organization and Digital Design/Lab_4/current/Lab_4.runs/synth_1/runme.log
launch_runs impl_1 -jobs 8
[Wed Mar 22 03:01:15 2023] Launched impl_1...
Run output will be captured here: D:/UOM/2nd Semester/Computer organization and Digital Design/Lab_4/current/Lab_4.runs/impl_1/runme.log
open_run impl_1
INFO: [Netlist 29-17] Analyzing 4 Unisim elements for replacement
INFO: [Netlist 29-28] Unisim Transformation completed in 0 CPU seconds
INFO: [Project 1-479] Netlist was created with Vivado 2018.1
INFO: [Device 21-403] Loading part xc7a35tcpg236-1
INFO: [Project 1-570] Preparing netlist for logic optimization
INFO: [Timing 38-478] Restoring timing data from binary archive.
INFO: [Timing 38-479] Binary timing data restore complete.
INFO: [Project 1-856] Restoring constraints from binary archive.
INFO: [Project 1-853] Binary constraint restore complete.
Reading XDEF placement.
Reading placer database...
Reading XDEF routing.
Read XDEF File: Time (s): cpu = 00:00:00 ; elapsed = 00:00:00.026 . Memory (MB): peak = 1815.883 ; gain = 0.000
Restored from archive | CPU: 0.000000 secs | Memory: 0.000000 MB |
Finished XDEF File Restore: Time (s): cpu = 00:00:00 ; elapsed = 00:00:00.027 . Memory (MB): peak = 1815.883 ; gain = 0.000
INFO: [Project 1-111] Unisim Transformation Summary:
No Unisim elements were transformed.

open_run: Time (s): cpu = 00:00:15 ; elapsed = 00:00:17 . Memory (MB): peak = 1924.824 ; gain = 923.988
WARNING: [Timing 38-313] There are no user specified timing constraints. Timing constraints are needed for proper timing analysis.
launch_simulation
INFO: [Vivado 12-5682] Launching behavioral simulation in 'D:/UOM/2nd Semester/Computer organization and Digital Design/Lab_4/current/Lab_4.sim/sim_1/behav/xsim'
INFO: [SIM-utils-51] Simulation object is 'sim_1'
INFO: [SIM-utils-54] Inspecting design source files for 'TB_Decoder_2_to_4' in fileset 'sim_1'...
INFO: [USF-XSim-97] Finding global include files...
INFO: [USF-XSim-98] Fetching design files from 'sim_1'...
INFO: [USF-XSim-2] XSim::Compile design
INFO: [USF-XSim-61] Executing 'COMPILE and ANALYZE' step in 'D:/UOM/2nd Semester/Computer organization and Digital Design/Lab_4/current/Lab_4.sim/sim_1/behav/xsim'
"xvhdl --incr --relax -prj TB_Decoder_2_to_4_vhdl.prj"
INFO: [VRFC 10-163] Analyzing VHDL file "D:/UOM/2nd Semester/Computer organization and Digital Design/Lab_4/current/Lab_4.srcs/sources_1/new/Decoder_2_to_4.vhd" into library xil_defaultlib
INFO: [VRFC 10-307] analyzing entity Decoder_2_to_4
INFO: [VRFC 10-163] Analyzing VHDL file "D:/UOM/2nd Semester/Computer organization and Digital Design/Lab_4/current/Lab_4.srcs/sim_1/new/TB_Decoder_2_to_4.vhd" into library xil_defaultlib
INFO: [VRFC 10-307] analyzing entity TB_Decoder_2_to_4
INFO: [USF-XSim-69] 'compile' step finished in '2' seconds
INFO: [USF-XSim-3] XSim::Elaborate design
INFO: [USF-XSim-61] Executing 'ELABORATE' step in 'D:/UOM/2nd Semester/Computer organization and Digital Design/Lab_4/current/Lab_4.sim/sim_1/behav/xsim'
Vivado Simulator 2018.1
Copyright 1986-1999, 2001-2017 Xilinx, Inc. All Rights Reserved.
Running: D:/Xilinx_Vivado/Vivado/2018.1/bin/unwrapped/win64.o/xelab.exe -wto 3ebd450e718242f78e292ddafa027169 --incr --debug typical --relax --mt 2 -L xil_defaultlib -L secureip --snapshot TB_Decoder_2_to_4_behav xil_defaultlib.TB_Decoder_2_to_4 -log elaborate.log 
Using 2 slave threads.
Starting static elaboration
Completed static elaboration
Starting simulation data flow analysis
Completed simulation data flow analysis
Time Resolution for simulation is 1ps
Compiling package std.standard
Compiling package std.textio
Compiling package ieee.std_logic_1164
Compiling architecture behavioral of entity xil_defaultlib.Decoder_2_to_4 [decoder_2_to_4_default]
Compiling architecture behavioral of entity xil_defaultlib.tb_decoder_2_to_4
Built simulation snapshot TB_Decoder_2_to_4_behav
INFO: [USF-XSim-69] 'elaborate' step finished in '1' seconds
INFO: [USF-XSim-4] XSim::Simulate design
INFO: [USF-XSim-61] Executing 'SIMULATE' step in 'D:/UOM/2nd Semester/Computer organization and Digital Design/Lab_4/current/Lab_4.sim/sim_1/behav/xsim'
INFO: [USF-XSim-98] *** Running xsim
   with args "TB_Decoder_2_to_4_behav -key {Behavioral:sim_1:Functional:TB_Decoder_2_to_4} -tclbatch {TB_Decoder_2_to_4.tcl} -log {simulate.log}"
INFO: [USF-XSim-8] Loading simulator feature
Vivado Simulator 2018.1
Time resolution is 1 ps
source TB_Decoder_2_to_4.tcl
# set curr_wave [current_wave_config]
# if { [string length $curr_wave] == 0 } {
#   if { [llength [get_objects]] > 0} {
#     add_wave /
#     set_property needs_save false [current_wave_config]
#   } else {
#      send_msg_id Add_Wave-1 WARNING "No top level signals found. Simulator will start without a wave window. If you want to open a wave window go to 'File->New Waveform Configuration' or type 'create_wave_config' in the TCL console."
#   }
# }
# run 1000ns
INFO: [USF-XSim-96] XSim completed. Design snapshot 'TB_Decoder_2_to_4_behav' loaded.
INFO: [USF-XSim-97] XSim simulation ran for 1000ns
close_sim
INFO: [Simtcl 6-16] Simulation closed
launch_simulation
INFO: [Vivado 12-5682] Launching behavioral simulation in 'D:/UOM/2nd Semester/Computer organization and Digital Design/Lab_4/current/Lab_4.sim/sim_1/behav/xsim'
INFO: [SIM-utils-51] Simulation object is 'sim_1'
INFO: [SIM-utils-54] Inspecting design source files for 'TB_Decoder_2_to_4' in fileset 'sim_1'...
INFO: [USF-XSim-97] Finding global include files...
INFO: [USF-XSim-98] Fetching design files from 'sim_1'...
INFO: [USF-XSim-2] XSim::Compile design
INFO: [USF-XSim-61] Executing 'COMPILE and ANALYZE' step in 'D:/UOM/2nd Semester/Computer organization and Digital Design/Lab_4/current/Lab_4.sim/sim_1/behav/xsim'
"xvhdl --incr --relax -prj TB_Decoder_2_to_4_vhdl.prj"
INFO: [USF-XSim-69] 'compile' step finished in '1' seconds
INFO: [USF-XSim-3] XSim::Elaborate design
INFO: [USF-XSim-61] Executing 'ELABORATE' step in 'D:/UOM/2nd Semester/Computer organization and Digital Design/Lab_4/current/Lab_4.sim/sim_1/behav/xsim'
Vivado Simulator 2018.1
Copyright 1986-1999, 2001-2017 Xilinx, Inc. All Rights Reserved.
Running: D:/Xilinx_Vivado/Vivado/2018.1/bin/unwrapped/win64.o/xelab.exe -wto 3ebd450e718242f78e292ddafa027169 --incr --debug typical --relax --mt 2 -L xil_defaultlib -L secureip --snapshot TB_Decoder_2_to_4_behav xil_defaultlib.TB_Decoder_2_to_4 -log elaborate.log 
Using 2 slave threads.
Starting static elaboration
Completed static elaboration
INFO: [XSIM 43-4323] No Change in HDL. Linking previously generated obj files to create kernel
INFO: [USF-XSim-69] 'elaborate' step finished in '1' seconds
INFO: [USF-XSim-4] XSim::Simulate design
INFO: [USF-XSim-61] Executing 'SIMULATE' step in 'D:/UOM/2nd Semester/Computer organization and Digital Design/Lab_4/current/Lab_4.sim/sim_1/behav/xsim'
INFO: [USF-XSim-98] *** Running xsim
   with args "TB_Decoder_2_to_4_behav -key {Behavioral:sim_1:Functional:TB_Decoder_2_to_4} -tclbatch {TB_Decoder_2_to_4.tcl} -log {simulate.log}"
INFO: [USF-XSim-8] Loading simulator feature
Vivado Simulator 2018.1
Time resolution is 1 ps
source TB_Decoder_2_to_4.tcl
# set curr_wave [current_wave_config]
# if { [string length $curr_wave] == 0 } {
#   if { [llength [get_objects]] > 0} {
#     add_wave /
#     set_property needs_save false [current_wave_config]
#   } else {
#      send_msg_id Add_Wave-1 WARNING "No top level signals found. Simulator will start without a wave window. If you want to open a wave window go to 'File->New Waveform Configuration' or type 'create_wave_config' in the TCL console."
#   }
# }
# run 1000ns
INFO: [USF-XSim-96] XSim completed. Design snapshot 'TB_Decoder_2_to_4_behav' loaded.
INFO: [USF-XSim-97] XSim simulation ran for 1000ns
close_sim
INFO: [Simtcl 6-16] Simulation closed
launch_simulation
INFO: [Vivado 12-5682] Launching behavioral simulation in 'D:/UOM/2nd Semester/Computer organization and Digital Design/Lab_4/current/Lab_4.sim/sim_1/behav/xsim'
INFO: [SIM-utils-51] Simulation object is 'sim_1'
INFO: [SIM-utils-54] Inspecting design source files for 'TB_Decoder_2_to_4' in fileset 'sim_1'...
INFO: [USF-XSim-97] Finding global include files...
INFO: [USF-XSim-98] Fetching design files from 'sim_1'...
INFO: [USF-XSim-2] XSim::Compile design
INFO: [USF-XSim-61] Executing 'COMPILE and ANALYZE' step in 'D:/UOM/2nd Semester/Computer organization and Digital Design/Lab_4/current/Lab_4.sim/sim_1/behav/xsim'
"xvhdl --incr --relax -prj TB_Decoder_2_to_4_vhdl.prj"
INFO: [USF-XSim-69] 'compile' step finished in '2' seconds
INFO: [USF-XSim-3] XSim::Elaborate design
INFO: [USF-XSim-61] Executing 'ELABORATE' step in 'D:/UOM/2nd Semester/Computer organization and Digital Design/Lab_4/current/Lab_4.sim/sim_1/behav/xsim'
Vivado Simulator 2018.1
Copyright 1986-1999, 2001-2017 Xilinx, Inc. All Rights Reserved.
Running: D:/Xilinx_Vivado/Vivado/2018.1/bin/unwrapped/win64.o/xelab.exe -wto 3ebd450e718242f78e292ddafa027169 --incr --debug typical --relax --mt 2 -L xil_defaultlib -L secureip --snapshot TB_Decoder_2_to_4_behav xil_defaultlib.TB_Decoder_2_to_4 -log elaborate.log 
Using 2 slave threads.
Starting static elaboration
Completed static elaboration
INFO: [XSIM 43-4323] No Change in HDL. Linking previously generated obj files to create kernel
INFO: [USF-XSim-69] 'elaborate' step finished in '1' seconds
INFO: [USF-XSim-4] XSim::Simulate design
INFO: [USF-XSim-61] Executing 'SIMULATE' step in 'D:/UOM/2nd Semester/Computer organization and Digital Design/Lab_4/current/Lab_4.sim/sim_1/behav/xsim'
INFO: [USF-XSim-98] *** Running xsim
   with args "TB_Decoder_2_to_4_behav -key {Behavioral:sim_1:Functional:TB_Decoder_2_to_4} -tclbatch {TB_Decoder_2_to_4.tcl} -log {simulate.log}"
INFO: [USF-XSim-8] Loading simulator feature
Vivado Simulator 2018.1
Time resolution is 1 ps
source TB_Decoder_2_to_4.tcl
# set curr_wave [current_wave_config]
# if { [string length $curr_wave] == 0 } {
#   if { [llength [get_objects]] > 0} {
#     add_wave /
#     set_property needs_save false [current_wave_config]
#   } else {
#      send_msg_id Add_Wave-1 WARNING "No top level signals found. Simulator will start without a wave window. If you want to open a wave window go to 'File->New Waveform Configuration' or type 'create_wave_config' in the TCL console."
#   }
# }
# run 1000ns
INFO: [USF-XSim-96] XSim completed. Design snapshot 'TB_Decoder_2_to_4_behav' loaded.
INFO: [USF-XSim-97] XSim simulation ran for 1000ns
close_sim
INFO: [Simtcl 6-16] Simulation closed
launch_simulation
INFO: [Vivado 12-5682] Launching behavioral simulation in 'D:/UOM/2nd Semester/Computer organization and Digital Design/Lab_4/current/Lab_4.sim/sim_1/behav/xsim'
INFO: [SIM-utils-51] Simulation object is 'sim_1'
INFO: [SIM-utils-54] Inspecting design source files for 'TB_Decoder_2_to_4' in fileset 'sim_1'...
INFO: [USF-XSim-97] Finding global include files...
INFO: [USF-XSim-98] Fetching design files from 'sim_1'...
INFO: [USF-XSim-2] XSim::Compile design
INFO: [USF-XSim-61] Executing 'COMPILE and ANALYZE' step in 'D:/UOM/2nd Semester/Computer organization and Digital Design/Lab_4/current/Lab_4.sim/sim_1/behav/xsim'
"xvhdl --incr --relax -prj TB_Decoder_2_to_4_vhdl.prj"
INFO: [USF-XSim-69] 'compile' step finished in '1' seconds
INFO: [USF-XSim-3] XSim::Elaborate design
INFO: [USF-XSim-61] Executing 'ELABORATE' step in 'D:/UOM/2nd Semester/Computer organization and Digital Design/Lab_4/current/Lab_4.sim/sim_1/behav/xsim'
Vivado Simulator 2018.1
Copyright 1986-1999, 2001-2017 Xilinx, Inc. All Rights Reserved.
Running: D:/Xilinx_Vivado/Vivado/2018.1/bin/unwrapped/win64.o/xelab.exe -wto 3ebd450e718242f78e292ddafa027169 --incr --debug typical --relax --mt 2 -L xil_defaultlib -L secureip --snapshot TB_Decoder_2_to_4_behav xil_defaultlib.TB_Decoder_2_to_4 -log elaborate.log 
Using 2 slave threads.
Starting static elaboration
Completed static elaboration
INFO: [XSIM 43-4323] No Change in HDL. Linking previously generated obj files to create kernel
INFO: [USF-XSim-69] 'elaborate' step finished in '2' seconds
INFO: [USF-XSim-4] XSim::Simulate design
INFO: [USF-XSim-61] Executing 'SIMULATE' step in 'D:/UOM/2nd Semester/Computer organization and Digital Design/Lab_4/current/Lab_4.sim/sim_1/behav/xsim'
INFO: [USF-XSim-98] *** Running xsim
   with args "TB_Decoder_2_to_4_behav -key {Behavioral:sim_1:Functional:TB_Decoder_2_to_4} -tclbatch {TB_Decoder_2_to_4.tcl} -log {simulate.log}"
INFO: [USF-XSim-8] Loading simulator feature
Vivado Simulator 2018.1
Time resolution is 1 ps
source TB_Decoder_2_to_4.tcl
# set curr_wave [current_wave_config]
# if { [string length $curr_wave] == 0 } {
#   if { [llength [get_objects]] > 0} {
#     add_wave /
#     set_property needs_save false [current_wave_config]
#   } else {
#      send_msg_id Add_Wave-1 WARNING "No top level signals found. Simulator will start without a wave window. If you want to open a wave window go to 'File->New Waveform Configuration' or type 'create_wave_config' in the TCL console."
#   }
# }
# run 1000ns
INFO: [USF-XSim-96] XSim completed. Design snapshot 'TB_Decoder_2_to_4_behav' loaded.
INFO: [USF-XSim-97] XSim simulation ran for 1000ns
close_sim
INFO: [Simtcl 6-16] Simulation closed
set_property top TB_Decoder_3_to_8 [get_filesets sim_1]
set_property top_lib xil_defaultlib [get_filesets sim_1]
update_compile_order -fileset sim_1
launch_simulation
INFO: [Vivado 12-5682] Launching behavioral simulation in 'D:/UOM/2nd Semester/Computer organization and Digital Design/Lab_4/current/Lab_4.sim/sim_1/behav/xsim'
INFO: [SIM-utils-51] Simulation object is 'sim_1'
INFO: [SIM-utils-54] Inspecting design source files for 'TB_Decoder_3_to_8' in fileset 'sim_1'...
INFO: [USF-XSim-97] Finding global include files...
INFO: [USF-XSim-98] Fetching design files from 'sim_1'...
INFO: [USF-XSim-2] XSim::Compile design
INFO: [USF-XSim-61] Executing 'COMPILE and ANALYZE' step in 'D:/UOM/2nd Semester/Computer organization and Digital Design/Lab_4/current/Lab_4.sim/sim_1/behav/xsim'
"xvhdl --incr --relax -prj TB_Decoder_3_to_8_vhdl.prj"
INFO: [VRFC 10-163] Analyzing VHDL file "D:/UOM/2nd Semester/Computer organization and Digital Design/Lab_4/current/Lab_4.srcs/sim_1/new/TB_Decoder_3_to_8.vhd" into library xil_defaultlib
INFO: [VRFC 10-307] analyzing entity TB_Decoder_3_to_8
INFO: [USF-XSim-69] 'compile' step finished in '1' seconds
INFO: [USF-XSim-3] XSim::Elaborate design
INFO: [USF-XSim-61] Executing 'ELABORATE' step in 'D:/UOM/2nd Semester/Computer organization and Digital Design/Lab_4/current/Lab_4.sim/sim_1/behav/xsim'
Vivado Simulator 2018.1
Copyright 1986-1999, 2001-2017 Xilinx, Inc. All Rights Reserved.
Running: D:/Xilinx_Vivado/Vivado/2018.1/bin/unwrapped/win64.o/xelab.exe -wto 3ebd450e718242f78e292ddafa027169 --incr --debug typical --relax --mt 2 -L xil_defaultlib -L secureip --snapshot TB_Decoder_3_to_8_behav xil_defaultlib.TB_Decoder_3_to_8 -log elaborate.log 
Using 2 slave threads.
Starting static elaboration
ERROR: [VRFC 10-1150] not all partial formals of i have actual [D:/UOM/2nd Semester/Computer organization and Digital Design/Lab_4/current/Lab_4.srcs/sim_1/new/TB_Decoder_3_to_8.vhd:49]
ERROR: [XSIM 43-3321] Static elaboration of top level VHDL design unit tb_decoder_3_to_8 in library work failed.
INFO: [USF-XSim-69] 'elaborate' step finished in '1' seconds
INFO: [USF-XSim-99] Step results log file:'D:/UOM/2nd Semester/Computer organization and Digital Design/Lab_4/current/Lab_4.sim/sim_1/behav/xsim/elaborate.log'
ERROR: [USF-XSim-62] 'elaborate' step failed with error(s). Please check the Tcl console output or 'D:/UOM/2nd Semester/Computer organization and Digital Design/Lab_4/current/Lab_4.sim/sim_1/behav/xsim/elaborate.log' file for more information.
ERROR: [Vivado 12-4473] Detected error while running simulation. Please correct the issue and retry this operation.
ERROR: [Common 17-39] 'launch_simulation' failed due to earlier errors.
launch_simulation
INFO: [Vivado 12-5682] Launching behavioral simulation in 'D:/UOM/2nd Semester/Computer organization and Digital Design/Lab_4/current/Lab_4.sim/sim_1/behav/xsim'
INFO: [SIM-utils-51] Simulation object is 'sim_1'
INFO: [SIM-utils-54] Inspecting design source files for 'TB_Decoder_3_to_8' in fileset 'sim_1'...
INFO: [USF-XSim-97] Finding global include files...
INFO: [USF-XSim-98] Fetching design files from 'sim_1'...
INFO: [USF-XSim-2] XSim::Compile design
INFO: [USF-XSim-61] Executing 'COMPILE and ANALYZE' step in 'D:/UOM/2nd Semester/Computer organization and Digital Design/Lab_4/current/Lab_4.sim/sim_1/behav/xsim'
"xvhdl --incr --relax -prj TB_Decoder_3_to_8_vhdl.prj"
INFO: [VRFC 10-163] Analyzing VHDL file "D:/UOM/2nd Semester/Computer organization and Digital Design/Lab_4/current/Lab_4.srcs/sim_1/new/TB_Decoder_3_to_8.vhd" into library xil_defaultlib
INFO: [VRFC 10-307] analyzing entity TB_Decoder_3_to_8
INFO: [USF-XSim-69] 'compile' step finished in '1' seconds
INFO: [USF-XSim-3] XSim::Elaborate design
INFO: [USF-XSim-61] Executing 'ELABORATE' step in 'D:/UOM/2nd Semester/Computer organization and Digital Design/Lab_4/current/Lab_4.sim/sim_1/behav/xsim'
Vivado Simulator 2018.1
Copyright 1986-1999, 2001-2017 Xilinx, Inc. All Rights Reserved.
Running: D:/Xilinx_Vivado/Vivado/2018.1/bin/unwrapped/win64.o/xelab.exe -wto 3ebd450e718242f78e292ddafa027169 --incr --debug typical --relax --mt 2 -L xil_defaultlib -L secureip --snapshot TB_Decoder_3_to_8_behav xil_defaultlib.TB_Decoder_3_to_8 -log elaborate.log 
Using 2 slave threads.
Starting static elaboration
ERROR: [VRFC 10-664] expression has 3 elements ; expected 2 [D:/UOM/2nd Semester/Computer organization and Digital Design/Lab_4/current/Lab_4.srcs/sim_1/new/TB_Decoder_3_to_8.vhd:40]
ERROR: [VRFC 10-664] expression has 8 elements ; expected 4 [D:/UOM/2nd Semester/Computer organization and Digital Design/Lab_4/current/Lab_4.srcs/sim_1/new/TB_Decoder_3_to_8.vhd:42]
ERROR: [XSIM 43-3321] Static elaboration of top level VHDL design unit tb_decoder_3_to_8 in library work failed.
INFO: [USF-XSim-69] 'elaborate' step finished in '2' seconds
INFO: [USF-XSim-99] Step results log file:'D:/UOM/2nd Semester/Computer organization and Digital Design/Lab_4/current/Lab_4.sim/sim_1/behav/xsim/elaborate.log'
ERROR: [USF-XSim-62] 'elaborate' step failed with error(s). Please check the Tcl console output or 'D:/UOM/2nd Semester/Computer organization and Digital Design/Lab_4/current/Lab_4.sim/sim_1/behav/xsim/elaborate.log' file for more information.
ERROR: [Vivado 12-4473] Detected error while running simulation. Please correct the issue and retry this operation.
ERROR: [Common 17-39] 'launch_simulation' failed due to earlier errors.
launch_simulation
INFO: [Vivado 12-5682] Launching behavioral simulation in 'D:/UOM/2nd Semester/Computer organization and Digital Design/Lab_4/current/Lab_4.sim/sim_1/behav/xsim'
INFO: [SIM-utils-51] Simulation object is 'sim_1'
INFO: [SIM-utils-54] Inspecting design source files for 'TB_Decoder_3_to_8' in fileset 'sim_1'...
INFO: [USF-XSim-97] Finding global include files...
INFO: [USF-XSim-98] Fetching design files from 'sim_1'...
INFO: [USF-XSim-2] XSim::Compile design
INFO: [USF-XSim-61] Executing 'COMPILE and ANALYZE' step in 'D:/UOM/2nd Semester/Computer organization and Digital Design/Lab_4/current/Lab_4.sim/sim_1/behav/xsim'
"xvhdl --incr --relax -prj TB_Decoder_3_to_8_vhdl.prj"
INFO: [VRFC 10-163] Analyzing VHDL file "D:/UOM/2nd Semester/Computer organization and Digital Design/Lab_4/current/Lab_4.srcs/sim_1/new/TB_Decoder_3_to_8.vhd" into library xil_defaultlib
INFO: [VRFC 10-307] analyzing entity TB_Decoder_3_to_8
INFO: [USF-XSim-69] 'compile' step finished in '1' seconds
INFO: [USF-XSim-3] XSim::Elaborate design
INFO: [USF-XSim-61] Executing 'ELABORATE' step in 'D:/UOM/2nd Semester/Computer organization and Digital Design/Lab_4/current/Lab_4.sim/sim_1/behav/xsim'
Vivado Simulator 2018.1
Copyright 1986-1999, 2001-2017 Xilinx, Inc. All Rights Reserved.
Running: D:/Xilinx_Vivado/Vivado/2018.1/bin/unwrapped/win64.o/xelab.exe -wto 3ebd450e718242f78e292ddafa027169 --incr --debug typical --relax --mt 2 -L xil_defaultlib -L secureip --snapshot TB_Decoder_3_to_8_behav xil_defaultlib.TB_Decoder_3_to_8 -log elaborate.log 
Using 2 slave threads.
Starting static elaboration
ERROR: [VRFC 10-664] expression has 3 elements ; expected 2 [D:/UOM/2nd Semester/Computer organization and Digital Design/Lab_4/current/Lab_4.srcs/sim_1/new/TB_Decoder_3_to_8.vhd:40]
ERROR: [VRFC 10-664] expression has 8 elements ; expected 4 [D:/UOM/2nd Semester/Computer organization and Digital Design/Lab_4/current/Lab_4.srcs/sim_1/new/TB_Decoder_3_to_8.vhd:42]
ERROR: [XSIM 43-3321] Static elaboration of top level VHDL design unit tb_decoder_3_to_8 in library work failed.
INFO: [USF-XSim-69] 'elaborate' step finished in '2' seconds
INFO: [USF-XSim-99] Step results log file:'D:/UOM/2nd Semester/Computer organization and Digital Design/Lab_4/current/Lab_4.sim/sim_1/behav/xsim/elaborate.log'
ERROR: [USF-XSim-62] 'elaborate' step failed with error(s). Please check the Tcl console output or 'D:/UOM/2nd Semester/Computer organization and Digital Design/Lab_4/current/Lab_4.sim/sim_1/behav/xsim/elaborate.log' file for more information.
ERROR: [Vivado 12-4473] Detected error while running simulation. Please correct the issue and retry this operation.
ERROR: [Common 17-39] 'launch_simulation' failed due to earlier errors.
launch_simulation
INFO: [Vivado 12-5682] Launching behavioral simulation in 'D:/UOM/2nd Semester/Computer organization and Digital Design/Lab_4/current/Lab_4.sim/sim_1/behav/xsim'
INFO: [SIM-utils-51] Simulation object is 'sim_1'
INFO: [SIM-utils-54] Inspecting design source files for 'TB_Decoder_3_to_8' in fileset 'sim_1'...
INFO: [USF-XSim-97] Finding global include files...
INFO: [USF-XSim-98] Fetching design files from 'sim_1'...
INFO: [USF-XSim-2] XSim::Compile design
INFO: [USF-XSim-61] Executing 'COMPILE and ANALYZE' step in 'D:/UOM/2nd Semester/Computer organization and Digital Design/Lab_4/current/Lab_4.sim/sim_1/behav/xsim'
"xvhdl --incr --relax -prj TB_Decoder_3_to_8_vhdl.prj"
INFO: [VRFC 10-163] Analyzing VHDL file "D:/UOM/2nd Semester/Computer organization and Digital Design/Lab_4/current/Lab_4.srcs/sim_1/new/TB_Decoder_3_to_8.vhd" into library xil_defaultlib
INFO: [VRFC 10-307] analyzing entity TB_Decoder_3_to_8
INFO: [USF-XSim-69] 'compile' step finished in '1' seconds
INFO: [USF-XSim-3] XSim::Elaborate design
INFO: [USF-XSim-61] Executing 'ELABORATE' step in 'D:/UOM/2nd Semester/Computer organization and Digital Design/Lab_4/current/Lab_4.sim/sim_1/behav/xsim'
Vivado Simulator 2018.1
Copyright 1986-1999, 2001-2017 Xilinx, Inc. All Rights Reserved.
Running: D:/Xilinx_Vivado/Vivado/2018.1/bin/unwrapped/win64.o/xelab.exe -wto 3ebd450e718242f78e292ddafa027169 --incr --debug typical --relax --mt 2 -L xil_defaultlib -L secureip --snapshot TB_Decoder_3_to_8_behav xil_defaultlib.TB_Decoder_3_to_8 -log elaborate.log 
Using 2 slave threads.
Starting static elaboration
ERROR: [VRFC 10-921] index value 2 is out of range 1 downto 0 [D:/UOM/2nd Semester/Computer organization and Digital Design/Lab_4/current/Lab_4.srcs/sim_1/new/TB_Decoder_3_to_8.vhd:51]
ERROR: [VRFC 10-916] index 2 is out of array constraint 1 downto 0 for target i [D:/UOM/2nd Semester/Computer organization and Digital Design/Lab_4/current/Lab_4.srcs/sim_1/new/TB_Decoder_3_to_8.vhd:51]
ERROR: [VRFC 10-921] index value 4 is out of range 3 downto 0 [D:/UOM/2nd Semester/Computer organization and Digital Design/Lab_4/current/Lab_4.srcs/sim_1/new/TB_Decoder_3_to_8.vhd:56]
ERROR: [VRFC 10-921] index value 5 is out of range 3 downto 0 [D:/UOM/2nd Semester/Computer organization and Digital Design/Lab_4/current/Lab_4.srcs/sim_1/new/TB_Decoder_3_to_8.vhd:57]
ERROR: [VRFC 10-921] index value 6 is out of range 3 downto 0 [D:/UOM/2nd Semester/Computer organization and Digital Design/Lab_4/current/Lab_4.srcs/sim_1/new/TB_Decoder_3_to_8.vhd:58]
ERROR: [VRFC 10-921] index value 7 is out of range 3 downto 0 [D:/UOM/2nd Semester/Computer organization and Digital Design/Lab_4/current/Lab_4.srcs/sim_1/new/TB_Decoder_3_to_8.vhd:59]
ERROR: [VRFC 10-922] index value <4> is out of range [3:0] [D:/UOM/2nd Semester/Computer organization and Digital Design/Lab_4/current/Lab_4.srcs/sim_1/new/TB_Decoder_3_to_8.vhd:56]
ERROR: [VRFC 10-922] index value <5> is out of range [3:0] [D:/UOM/2nd Semester/Computer organization and Digital Design/Lab_4/current/Lab_4.srcs/sim_1/new/TB_Decoder_3_to_8.vhd:57]
ERROR: [VRFC 10-922] index value <6> is out of range [3:0] [D:/UOM/2nd Semester/Computer organization and Digital Design/Lab_4/current/Lab_4.srcs/sim_1/new/TB_Decoder_3_to_8.vhd:58]
ERROR: [VRFC 10-922] index value <7> is out of range [3:0] [D:/UOM/2nd Semester/Computer organization and Digital Design/Lab_4/current/Lab_4.srcs/sim_1/new/TB_Decoder_3_to_8.vhd:59]
ERROR: [XSIM 43-3321] Static elaboration of top level VHDL design unit tb_decoder_3_to_8 in library work failed.
INFO: [USF-XSim-69] 'elaborate' step finished in '1' seconds
INFO: [USF-XSim-99] Step results log file:'D:/UOM/2nd Semester/Computer organization and Digital Design/Lab_4/current/Lab_4.sim/sim_1/behav/xsim/elaborate.log'
ERROR: [USF-XSim-62] 'elaborate' step failed with error(s). Please check the Tcl console output or 'D:/UOM/2nd Semester/Computer organization and Digital Design/Lab_4/current/Lab_4.sim/sim_1/behav/xsim/elaborate.log' file for more information.
ERROR: [Vivado 12-4473] Detected error while running simulation. Please correct the issue and retry this operation.
ERROR: [Common 17-39] 'launch_simulation' failed due to earlier errors.
launch_simulation
INFO: [Vivado 12-5682] Launching behavioral simulation in 'D:/UOM/2nd Semester/Computer organization and Digital Design/Lab_4/current/Lab_4.sim/sim_1/behav/xsim'
INFO: [SIM-utils-51] Simulation object is 'sim_1'
INFO: [SIM-utils-54] Inspecting design source files for 'TB_Decoder_3_to_8' in fileset 'sim_1'...
INFO: [USF-XSim-97] Finding global include files...
INFO: [USF-XSim-98] Fetching design files from 'sim_1'...
INFO: [USF-XSim-2] XSim::Compile design
INFO: [USF-XSim-61] Executing 'COMPILE and ANALYZE' step in 'D:/UOM/2nd Semester/Computer organization and Digital Design/Lab_4/current/Lab_4.sim/sim_1/behav/xsim'
"xvhdl --incr --relax -prj TB_Decoder_3_to_8_vhdl.prj"
INFO: [VRFC 10-163] Analyzing VHDL file "D:/UOM/2nd Semester/Computer organization and Digital Design/Lab_4/current/Lab_4.srcs/sources_1/new/Decoder_3_to_8.vhd" into library xil_defaultlib
INFO: [VRFC 10-307] analyzing entity Decoder_3_to_8
INFO: [VRFC 10-163] Analyzing VHDL file "D:/UOM/2nd Semester/Computer organization and Digital Design/Lab_4/current/Lab_4.srcs/sim_1/new/TB_Decoder_3_to_8.vhd" into library xil_defaultlib
INFO: [VRFC 10-307] analyzing entity TB_Decoder_3_to_8
INFO: [USF-XSim-69] 'compile' step finished in '1' seconds
INFO: [USF-XSim-3] XSim::Elaborate design
INFO: [USF-XSim-61] Executing 'ELABORATE' step in 'D:/UOM/2nd Semester/Computer organization and Digital Design/Lab_4/current/Lab_4.sim/sim_1/behav/xsim'
Vivado Simulator 2018.1
Copyright 1986-1999, 2001-2017 Xilinx, Inc. All Rights Reserved.
Running: D:/Xilinx_Vivado/Vivado/2018.1/bin/unwrapped/win64.o/xelab.exe -wto 3ebd450e718242f78e292ddafa027169 --incr --debug typical --relax --mt 2 -L xil_defaultlib -L secureip --snapshot TB_Decoder_3_to_8_behav xil_defaultlib.TB_Decoder_3_to_8 -log elaborate.log 
Using 2 slave threads.
Starting static elaboration
Completed static elaboration
Starting simulation data flow analysis
Completed simulation data flow analysis
Time Resolution for simulation is 1ps
Compiling package std.standard
Compiling package std.textio
Compiling package ieee.std_logic_1164
Compiling architecture behavioral of entity xil_defaultlib.Decoder_2_to_4 [decoder_2_to_4_default]
Compiling architecture behavioral of entity xil_defaultlib.Decoder_3_to_8 [decoder_3_to_8_default]
Compiling architecture behavioral of entity xil_defaultlib.tb_decoder_3_to_8
Built simulation snapshot TB_Decoder_3_to_8_behav

****** Webtalk v2018.1 (64-bit)
  **** SW Build 2188600 on Wed Apr  4 18:40:38 MDT 2018
  **** IP Build 2185939 on Wed Apr  4 20:55:05 MDT 2018
    ** Copyright 1986-2018 Xilinx, Inc. All Rights Reserved.

source D:/UOM/2nd -notrace
couldn't read file "D:/UOM/2nd": permission denied
INFO: [Common 17-206] Exiting Webtalk at Wed Mar 22 03:46:20 2023...
INFO: [USF-XSim-69] 'elaborate' step finished in '2' seconds
INFO: [USF-XSim-4] XSim::Simulate design
INFO: [USF-XSim-61] Executing 'SIMULATE' step in 'D:/UOM/2nd Semester/Computer organization and Digital Design/Lab_4/current/Lab_4.sim/sim_1/behav/xsim'
INFO: [USF-XSim-98] *** Running xsim
   with args "TB_Decoder_3_to_8_behav -key {Behavioral:sim_1:Functional:TB_Decoder_3_to_8} -tclbatch {TB_Decoder_3_to_8.tcl} -log {simulate.log}"
INFO: [USF-XSim-8] Loading simulator feature
Vivado Simulator 2018.1
Time resolution is 1 ps
source TB_Decoder_3_to_8.tcl
# set curr_wave [current_wave_config]
# if { [string length $curr_wave] == 0 } {
#   if { [llength [get_objects]] > 0} {
#     add_wave /
#     set_property needs_save false [current_wave_config]
#   } else {
#      send_msg_id Add_Wave-1 WARNING "No top level signals found. Simulator will start without a wave window. If you want to open a wave window go to 'File->New Waveform Configuration' or type 'create_wave_config' in the TCL console."
#   }
# }
# run 1000ns
INFO: [USF-XSim-96] XSim completed. Design snapshot 'TB_Decoder_3_to_8_behav' loaded.
INFO: [USF-XSim-97] XSim simulation ran for 1000ns
launch_simulation: Time (s): cpu = 00:00:01 ; elapsed = 00:00:05 . Memory (MB): peak = 1940.035 ; gain = 0.000
close_sim
INFO: [Simtcl 6-16] Simulation closed
launch_simulation
INFO: [Vivado 12-5682] Launching behavioral simulation in 'D:/UOM/2nd Semester/Computer organization and Digital Design/Lab_4/current/Lab_4.sim/sim_1/behav/xsim'
INFO: [SIM-utils-51] Simulation object is 'sim_1'
INFO: [SIM-utils-54] Inspecting design source files for 'TB_Decoder_3_to_8' in fileset 'sim_1'...
INFO: [USF-XSim-97] Finding global include files...
INFO: [USF-XSim-98] Fetching design files from 'sim_1'...
INFO: [USF-XSim-2] XSim::Compile design
INFO: [USF-XSim-61] Executing 'COMPILE and ANALYZE' step in 'D:/UOM/2nd Semester/Computer organization and Digital Design/Lab_4/current/Lab_4.sim/sim_1/behav/xsim'
"xvhdl --incr --relax -prj TB_Decoder_3_to_8_vhdl.prj"
INFO: [USF-XSim-69] 'compile' step finished in '2' seconds
INFO: [USF-XSim-3] XSim::Elaborate design
INFO: [USF-XSim-61] Executing 'ELABORATE' step in 'D:/UOM/2nd Semester/Computer organization and Digital Design/Lab_4/current/Lab_4.sim/sim_1/behav/xsim'
Vivado Simulator 2018.1
Copyright 1986-1999, 2001-2017 Xilinx, Inc. All Rights Reserved.
Running: D:/Xilinx_Vivado/Vivado/2018.1/bin/unwrapped/win64.o/xelab.exe -wto 3ebd450e718242f78e292ddafa027169 --incr --debug typical --relax --mt 2 -L xil_defaultlib -L secureip --snapshot TB_Decoder_3_to_8_behav xil_defaultlib.TB_Decoder_3_to_8 -log elaborate.log 
Using 2 slave threads.
Starting static elaboration
Completed static elaboration
INFO: [XSIM 43-4323] No Change in HDL. Linking previously generated obj files to create kernel
INFO: [USF-XSim-69] 'elaborate' step finished in '1' seconds
INFO: [USF-XSim-4] XSim::Simulate design
INFO: [USF-XSim-61] Executing 'SIMULATE' step in 'D:/UOM/2nd Semester/Computer organization and Digital Design/Lab_4/current/Lab_4.sim/sim_1/behav/xsim'
INFO: [USF-XSim-98] *** Running xsim
   with args "TB_Decoder_3_to_8_behav -key {Behavioral:sim_1:Functional:TB_Decoder_3_to_8} -tclbatch {TB_Decoder_3_to_8.tcl} -log {simulate.log}"
INFO: [USF-XSim-8] Loading simulator feature
Vivado Simulator 2018.1
Time resolution is 1 ps
source TB_Decoder_3_to_8.tcl
# set curr_wave [current_wave_config]
# if { [string length $curr_wave] == 0 } {
#   if { [llength [get_objects]] > 0} {
#     add_wave /
#     set_property needs_save false [current_wave_config]
#   } else {
#      send_msg_id Add_Wave-1 WARNING "No top level signals found. Simulator will start without a wave window. If you want to open a wave window go to 'File->New Waveform Configuration' or type 'create_wave_config' in the TCL console."
#   }
# }
# run 1000ns
INFO: [USF-XSim-96] XSim completed. Design snapshot 'TB_Decoder_3_to_8_behav' loaded.
INFO: [USF-XSim-97] XSim simulation ran for 1000ns
close_sim
INFO: [Simtcl 6-16] Simulation closed
launch_simulation
INFO: [Vivado 12-5682] Launching behavioral simulation in 'D:/UOM/2nd Semester/Computer organization and Digital Design/Lab_4/current/Lab_4.sim/sim_1/behav/xsim'
INFO: [SIM-utils-51] Simulation object is 'sim_1'
INFO: [SIM-utils-54] Inspecting design source files for 'TB_Decoder_3_to_8' in fileset 'sim_1'...
INFO: [USF-XSim-97] Finding global include files...
INFO: [USF-XSim-98] Fetching design files from 'sim_1'...
INFO: [USF-XSim-2] XSim::Compile design
INFO: [USF-XSim-61] Executing 'COMPILE and ANALYZE' step in 'D:/UOM/2nd Semester/Computer organization and Digital Design/Lab_4/current/Lab_4.sim/sim_1/behav/xsim'
"xvhdl --incr --relax -prj TB_Decoder_3_to_8_vhdl.prj"
INFO: [VRFC 10-163] Analyzing VHDL file "D:/UOM/2nd Semester/Computer organization and Digital Design/Lab_4/current/Lab_4.srcs/sim_1/new/TB_Decoder_3_to_8.vhd" into library xil_defaultlib
INFO: [VRFC 10-307] analyzing entity TB_Decoder_3_to_8
INFO: [USF-XSim-69] 'compile' step finished in '1' seconds
INFO: [USF-XSim-3] XSim::Elaborate design
INFO: [USF-XSim-61] Executing 'ELABORATE' step in 'D:/UOM/2nd Semester/Computer organization and Digital Design/Lab_4/current/Lab_4.sim/sim_1/behav/xsim'
Vivado Simulator 2018.1
Copyright 1986-1999, 2001-2017 Xilinx, Inc. All Rights Reserved.
Running: D:/Xilinx_Vivado/Vivado/2018.1/bin/unwrapped/win64.o/xelab.exe -wto 3ebd450e718242f78e292ddafa027169 --incr --debug typical --relax --mt 2 -L xil_defaultlib -L secureip --snapshot TB_Decoder_3_to_8_behav xil_defaultlib.TB_Decoder_3_to_8 -log elaborate.log 
Using 2 slave threads.
Starting static elaboration
Completed static elaboration
Starting simulation data flow analysis
Completed simulation data flow analysis
Time Resolution for simulation is 1ps
Compiling package std.standard
Compiling package std.textio
Compiling package ieee.std_logic_1164
Compiling architecture behavioral of entity xil_defaultlib.Decoder_2_to_4 [decoder_2_to_4_default]
Compiling architecture behavioral of entity xil_defaultlib.Decoder_3_to_8 [decoder_3_to_8_default]
Compiling architecture behavioral of entity xil_defaultlib.tb_decoder_3_to_8
Built simulation snapshot TB_Decoder_3_to_8_behav
INFO: [USF-XSim-69] 'elaborate' step finished in '1' seconds
INFO: [USF-XSim-4] XSim::Simulate design
INFO: [USF-XSim-61] Executing 'SIMULATE' step in 'D:/UOM/2nd Semester/Computer organization and Digital Design/Lab_4/current/Lab_4.sim/sim_1/behav/xsim'
INFO: [USF-XSim-98] *** Running xsim
   with args "TB_Decoder_3_to_8_behav -key {Behavioral:sim_1:Functional:TB_Decoder_3_to_8} -tclbatch {TB_Decoder_3_to_8.tcl} -log {simulate.log}"
INFO: [USF-XSim-8] Loading simulator feature
Vivado Simulator 2018.1
Time resolution is 1 ps
source TB_Decoder_3_to_8.tcl
# set curr_wave [current_wave_config]
# if { [string length $curr_wave] == 0 } {
#   if { [llength [get_objects]] > 0} {
#     add_wave /
#     set_property needs_save false [current_wave_config]
#   } else {
#      send_msg_id Add_Wave-1 WARNING "No top level signals found. Simulator will start without a wave window. If you want to open a wave window go to 'File->New Waveform Configuration' or type 'create_wave_config' in the TCL console."
#   }
# }
# run 1000ns
INFO: [USF-XSim-96] XSim completed. Design snapshot 'TB_Decoder_3_to_8_behav' loaded.
INFO: [USF-XSim-97] XSim simulation ran for 1000ns
close_sim
INFO: [Simtcl 6-16] Simulation closed
launch_simulation
INFO: [Vivado 12-5682] Launching behavioral simulation in 'D:/UOM/2nd Semester/Computer organization and Digital Design/Lab_4/current/Lab_4.sim/sim_1/behav/xsim'
INFO: [SIM-utils-51] Simulation object is 'sim_1'
INFO: [SIM-utils-54] Inspecting design source files for 'TB_Decoder_3_to_8' in fileset 'sim_1'...
INFO: [USF-XSim-97] Finding global include files...
INFO: [USF-XSim-98] Fetching design files from 'sim_1'...
INFO: [USF-XSim-2] XSim::Compile design
INFO: [USF-XSim-61] Executing 'COMPILE and ANALYZE' step in 'D:/UOM/2nd Semester/Computer organization and Digital Design/Lab_4/current/Lab_4.sim/sim_1/behav/xsim'
"xvhdl --incr --relax -prj TB_Decoder_3_to_8_vhdl.prj"
INFO: [VRFC 10-163] Analyzing VHDL file "D:/UOM/2nd Semester/Computer organization and Digital Design/Lab_4/current/Lab_4.srcs/sim_1/new/TB_Decoder_3_to_8.vhd" into library xil_defaultlib
INFO: [VRFC 10-307] analyzing entity TB_Decoder_3_to_8
INFO: [USF-XSim-69] 'compile' step finished in '1' seconds
INFO: [USF-XSim-3] XSim::Elaborate design
INFO: [USF-XSim-61] Executing 'ELABORATE' step in 'D:/UOM/2nd Semester/Computer organization and Digital Design/Lab_4/current/Lab_4.sim/sim_1/behav/xsim'
Vivado Simulator 2018.1
Copyright 1986-1999, 2001-2017 Xilinx, Inc. All Rights Reserved.
Running: D:/Xilinx_Vivado/Vivado/2018.1/bin/unwrapped/win64.o/xelab.exe -wto 3ebd450e718242f78e292ddafa027169 --incr --debug typical --relax --mt 2 -L xil_defaultlib -L secureip --snapshot TB_Decoder_3_to_8_behav xil_defaultlib.TB_Decoder_3_to_8 -log elaborate.log 
Using 2 slave threads.
Starting static elaboration
Completed static elaboration
Starting simulation data flow analysis
Completed simulation data flow analysis
Time Resolution for simulation is 1ps
Compiling package std.standard
Compiling package std.textio
Compiling package ieee.std_logic_1164
Compiling architecture behavioral of entity xil_defaultlib.Decoder_2_to_4 [decoder_2_to_4_default]
Compiling architecture behavioral of entity xil_defaultlib.Decoder_3_to_8 [decoder_3_to_8_default]
Compiling architecture behavioral of entity xil_defaultlib.tb_decoder_3_to_8
Built simulation snapshot TB_Decoder_3_to_8_behav
INFO: [USF-XSim-69] 'elaborate' step finished in '1' seconds
INFO: [USF-XSim-4] XSim::Simulate design
INFO: [USF-XSim-61] Executing 'SIMULATE' step in 'D:/UOM/2nd Semester/Computer organization and Digital Design/Lab_4/current/Lab_4.sim/sim_1/behav/xsim'
INFO: [USF-XSim-98] *** Running xsim
   with args "TB_Decoder_3_to_8_behav -key {Behavioral:sim_1:Functional:TB_Decoder_3_to_8} -tclbatch {TB_Decoder_3_to_8.tcl} -log {simulate.log}"
INFO: [USF-XSim-8] Loading simulator feature
Vivado Simulator 2018.1
Time resolution is 1 ps
source TB_Decoder_3_to_8.tcl
# set curr_wave [current_wave_config]
# if { [string length $curr_wave] == 0 } {
#   if { [llength [get_objects]] > 0} {
#     add_wave /
#     set_property needs_save false [current_wave_config]
#   } else {
#      send_msg_id Add_Wave-1 WARNING "No top level signals found. Simulator will start without a wave window. If you want to open a wave window go to 'File->New Waveform Configuration' or type 'create_wave_config' in the TCL console."
#   }
# }
# run 1000ns
INFO: [USF-XSim-96] XSim completed. Design snapshot 'TB_Decoder_3_to_8_behav' loaded.
INFO: [USF-XSim-97] XSim simulation ran for 1000ns
close_sim
INFO: [Simtcl 6-16] Simulation closed
launch_simulation
INFO: [Vivado 12-5682] Launching behavioral simulation in 'D:/UOM/2nd Semester/Computer organization and Digital Design/Lab_4/current/Lab_4.sim/sim_1/behav/xsim'
INFO: [SIM-utils-51] Simulation object is 'sim_1'
INFO: [SIM-utils-54] Inspecting design source files for 'TB_Decoder_3_to_8' in fileset 'sim_1'...
INFO: [USF-XSim-97] Finding global include files...
INFO: [USF-XSim-98] Fetching design files from 'sim_1'...
INFO: [USF-XSim-2] XSim::Compile design
INFO: [USF-XSim-61] Executing 'COMPILE and ANALYZE' step in 'D:/UOM/2nd Semester/Computer organization and Digital Design/Lab_4/current/Lab_4.sim/sim_1/behav/xsim'
"xvhdl --incr --relax -prj TB_Decoder_3_to_8_vhdl.prj"
INFO: [VRFC 10-163] Analyzing VHDL file "D:/UOM/2nd Semester/Computer organization and Digital Design/Lab_4/current/Lab_4.srcs/sim_1/new/TB_Decoder_3_to_8.vhd" into library xil_defaultlib
INFO: [VRFC 10-307] analyzing entity TB_Decoder_3_to_8
INFO: [USF-XSim-69] 'compile' step finished in '2' seconds
INFO: [USF-XSim-3] XSim::Elaborate design
INFO: [USF-XSim-61] Executing 'ELABORATE' step in 'D:/UOM/2nd Semester/Computer organization and Digital Design/Lab_4/current/Lab_4.sim/sim_1/behav/xsim'
Vivado Simulator 2018.1
Copyright 1986-1999, 2001-2017 Xilinx, Inc. All Rights Reserved.
Running: D:/Xilinx_Vivado/Vivado/2018.1/bin/unwrapped/win64.o/xelab.exe -wto 3ebd450e718242f78e292ddafa027169 --incr --debug typical --relax --mt 2 -L xil_defaultlib -L secureip --snapshot TB_Decoder_3_to_8_behav xil_defaultlib.TB_Decoder_3_to_8 -log elaborate.log 
Using 2 slave threads.
Starting static elaboration
Completed static elaboration
Starting simulation data flow analysis
Completed simulation data flow analysis
Time Resolution for simulation is 1ps
Compiling package std.standard
Compiling package std.textio
Compiling package ieee.std_logic_1164
Compiling architecture behavioral of entity xil_defaultlib.Decoder_2_to_4 [decoder_2_to_4_default]
Compiling architecture behavioral of entity xil_defaultlib.Decoder_3_to_8 [decoder_3_to_8_default]
Compiling architecture behavioral of entity xil_defaultlib.tb_decoder_3_to_8
Built simulation snapshot TB_Decoder_3_to_8_behav
INFO: [USF-XSim-69] 'elaborate' step finished in '1' seconds
INFO: [USF-XSim-4] XSim::Simulate design
INFO: [USF-XSim-61] Executing 'SIMULATE' step in 'D:/UOM/2nd Semester/Computer organization and Digital Design/Lab_4/current/Lab_4.sim/sim_1/behav/xsim'
INFO: [USF-XSim-98] *** Running xsim
   with args "TB_Decoder_3_to_8_behav -key {Behavioral:sim_1:Functional:TB_Decoder_3_to_8} -tclbatch {TB_Decoder_3_to_8.tcl} -log {simulate.log}"
INFO: [USF-XSim-8] Loading simulator feature
Vivado Simulator 2018.1
Time resolution is 1 ps
source TB_Decoder_3_to_8.tcl
# set curr_wave [current_wave_config]
# if { [string length $curr_wave] == 0 } {
#   if { [llength [get_objects]] > 0} {
#     add_wave /
#     set_property needs_save false [current_wave_config]
#   } else {
#      send_msg_id Add_Wave-1 WARNING "No top level signals found. Simulator will start without a wave window. If you want to open a wave window go to 'File->New Waveform Configuration' or type 'create_wave_config' in the TCL console."
#   }
# }
# run 1000ns
INFO: [USF-XSim-96] XSim completed. Design snapshot 'TB_Decoder_3_to_8_behav' loaded.
INFO: [USF-XSim-97] XSim simulation ran for 1000ns
close_sim
INFO: [Simtcl 6-16] Simulation closed
launch_simulation
INFO: [Vivado 12-5682] Launching behavioral simulation in 'D:/UOM/2nd Semester/Computer organization and Digital Design/Lab_4/current/Lab_4.sim/sim_1/behav/xsim'
INFO: [SIM-utils-51] Simulation object is 'sim_1'
INFO: [SIM-utils-54] Inspecting design source files for 'TB_Decoder_3_to_8' in fileset 'sim_1'...
INFO: [USF-XSim-97] Finding global include files...
INFO: [USF-XSim-98] Fetching design files from 'sim_1'...
INFO: [USF-XSim-2] XSim::Compile design
INFO: [USF-XSim-61] Executing 'COMPILE and ANALYZE' step in 'D:/UOM/2nd Semester/Computer organization and Digital Design/Lab_4/current/Lab_4.sim/sim_1/behav/xsim'
"xvhdl --incr --relax -prj TB_Decoder_3_to_8_vhdl.prj"
INFO: [VRFC 10-163] Analyzing VHDL file "D:/UOM/2nd Semester/Computer organization and Digital Design/Lab_4/current/Lab_4.srcs/sim_1/new/TB_Decoder_3_to_8.vhd" into library xil_defaultlib
INFO: [VRFC 10-307] analyzing entity TB_Decoder_3_to_8
INFO: [USF-XSim-69] 'compile' step finished in '1' seconds
INFO: [USF-XSim-3] XSim::Elaborate design
INFO: [USF-XSim-61] Executing 'ELABORATE' step in 'D:/UOM/2nd Semester/Computer organization and Digital Design/Lab_4/current/Lab_4.sim/sim_1/behav/xsim'
Vivado Simulator 2018.1
Copyright 1986-1999, 2001-2017 Xilinx, Inc. All Rights Reserved.
Running: D:/Xilinx_Vivado/Vivado/2018.1/bin/unwrapped/win64.o/xelab.exe -wto 3ebd450e718242f78e292ddafa027169 --incr --debug typical --relax --mt 2 -L xil_defaultlib -L secureip --snapshot TB_Decoder_3_to_8_behav xil_defaultlib.TB_Decoder_3_to_8 -log elaborate.log 
Using 2 slave threads.
Starting static elaboration
Completed static elaboration
Starting simulation data flow analysis
Completed simulation data flow analysis
Time Resolution for simulation is 1ps
Compiling package std.standard
Compiling package std.textio
Compiling package ieee.std_logic_1164
Compiling architecture behavioral of entity xil_defaultlib.Decoder_2_to_4 [decoder_2_to_4_default]
Compiling architecture behavioral of entity xil_defaultlib.Decoder_3_to_8 [decoder_3_to_8_default]
Compiling architecture behavioral of entity xil_defaultlib.tb_decoder_3_to_8
Built simulation snapshot TB_Decoder_3_to_8_behav
INFO: [USF-XSim-69] 'elaborate' step finished in '1' seconds
INFO: [USF-XSim-4] XSim::Simulate design
INFO: [USF-XSim-61] Executing 'SIMULATE' step in 'D:/UOM/2nd Semester/Computer organization and Digital Design/Lab_4/current/Lab_4.sim/sim_1/behav/xsim'
INFO: [USF-XSim-98] *** Running xsim
   with args "TB_Decoder_3_to_8_behav -key {Behavioral:sim_1:Functional:TB_Decoder_3_to_8} -tclbatch {TB_Decoder_3_to_8.tcl} -log {simulate.log}"
INFO: [USF-XSim-8] Loading simulator feature
Vivado Simulator 2018.1
Time resolution is 1 ps
source TB_Decoder_3_to_8.tcl
# set curr_wave [current_wave_config]
# if { [string length $curr_wave] == 0 } {
#   if { [llength [get_objects]] > 0} {
#     add_wave /
#     set_property needs_save false [current_wave_config]
#   } else {
#      send_msg_id Add_Wave-1 WARNING "No top level signals found. Simulator will start without a wave window. If you want to open a wave window go to 'File->New Waveform Configuration' or type 'create_wave_config' in the TCL console."
#   }
# }
# run 1000ns
INFO: [USF-XSim-96] XSim completed. Design snapshot 'TB_Decoder_3_to_8_behav' loaded.
INFO: [USF-XSim-97] XSim simulation ran for 1000ns
close_sim
INFO: [Simtcl 6-16] Simulation closed
