
*** Running vivado
    with args -log HA.vdi -applog -m64 -product Vivado -messageDb vivado.pb -mode batch -source HA.tcl -notrace


****** Vivado v2018.1 (64-bit)
  **** SW Build 2188600 on Wed Apr  4 18:40:38 MDT 2018
  **** IP Build 2185939 on Wed Apr  4 20:55:05 MDT 2018
    ** Copyright 1986-2018 Xilinx, Inc. All Rights Reserved.

source HA.tcl -notrace
Command: link_design -top HA -part xc7a35tcpg236-1
Design is defaulting to srcset: sources_1
Design is defaulting to constrset: constrs_1
INFO: [Netlist 29-17] Analyzing 2 Unisim elements for replacement
INFO: [Netlist 29-28] Unisim Transformation completed in 0 CPU seconds
INFO: [Project 1-479] Netlist was created with Vivado 2018.1
INFO: [Device 21-403] Loading part xc7a35tcpg236-1
INFO: [Project 1-570] Preparing netlist for logic optimization
Parsing XDC File [D:/UOM/2nd Semester/Computer organization and Digital Design/Lab_3/Basys3Labs.xdc]
WARNING: [Vivado 12-584] No ports matched 'B]'. [D:/UOM/2nd Semester/Computer organization and Digital Design/Lab_3/Basys3Labs.xdc:14]
CRITICAL WARNING: [Common 17-55] 'set_property' expects at least one object. [D:/UOM/2nd Semester/Computer organization and Digital Design/Lab_3/Basys3Labs.xdc:14]
Resolution: If [get_<value>] was used to populate the object, check to make sure this command returns at least one valid object.
Finished Parsing XDC File [D:/UOM/2nd Semester/Computer organization and Digital Design/Lab_3/Basys3Labs.xdc]
INFO: [Opt 31-138] Pushed 0 inverter(s) to 0 load pin(s).
INFO: [Project 1-111] Unisim Transformation Summary:
No Unisim elements were transformed.

7 Infos, 1 Warnings, 1 Critical Warnings and 0 Errors encountered.
link_design completed successfully
link_design: Time (s): cpu = 00:00:05 ; elapsed = 00:00:07 . Memory (MB): peak = 581.480 ; gain = 303.453
Command: opt_design
Attempting to get a license for feature 'Implementation' and/or device 'xc7a35t'
INFO: [Common 17-349] Got license for feature 'Implementation' and/or device 'xc7a35t'
Running DRC as a precondition to command opt_design

Starting DRC Task
INFO: [DRC 23-27] Running DRC with 2 threads
INFO: [Project 1-461] DRC finished with 0 Errors
INFO: [Project 1-462] Please refer to the DRC report (report_drc) for more information.

Time (s): cpu = 00:00:00 ; elapsed = 00:00:00.093 . Memory (MB): peak = 583.562 ; gain = 2.082
INFO: [Timing 38-35] Done setting XDC timing constraints.

Starting Logic Optimization Task

Phase 1 Retarget
INFO: [Opt 31-138] Pushed 0 inverter(s) to 0 load pin(s).
INFO: [Opt 31-49] Retargeted 0 cell(s).
Phase 1 Retarget | Checksum: 100e38ae8

Time (s): cpu = 00:00:00 ; elapsed = 00:00:00.004 . Memory (MB): peak = 1093.207 ; gain = 0.000
INFO: [Opt 31-389] Phase Retarget created 0 cells and removed 0 cells

Phase 2 Constant propagation
INFO: [Opt 31-138] Pushed 0 inverter(s) to 0 load pin(s).
Phase 2 Constant propagation | Checksum: 100e38ae8

Time (s): cpu = 00:00:00 ; elapsed = 00:00:00.005 . Memory (MB): peak = 1093.207 ; gain = 0.000
INFO: [Opt 31-389] Phase Constant propagation created 0 cells and removed 0 cells

Phase 3 Sweep
Phase 3 Sweep | Checksum: 100e38ae8

Time (s): cpu = 00:00:00 ; elapsed = 00:00:00.006 . Memory (MB): peak = 1093.207 ; gain = 0.000
INFO: [Opt 31-389] Phase Sweep created 0 cells and removed 0 cells

Phase 4 BUFG optimization
Phase 4 BUFG optimization | Checksum: 100e38ae8

Time (s): cpu = 00:00:00 ; elapsed = 00:00:00.006 . Memory (MB): peak = 1093.207 ; gain = 0.000
INFO: [Opt 31-389] Phase BUFG optimization created 0 cells and removed 0 cells

Phase 5 Shift Register Optimization
Phase 5 Shift Register Optimization | Checksum: 100e38ae8

Time (s): cpu = 00:00:00 ; elapsed = 00:00:00.007 . Memory (MB): peak = 1093.207 ; gain = 0.000
INFO: [Opt 31-389] Phase Shift Register Optimization created 0 cells and removed 0 cells

Phase 6 Post Processing Netlist
Phase 6 Post Processing Netlist | Checksum: 100e38ae8

Time (s): cpu = 00:00:00 ; elapsed = 00:00:00.008 . Memory (MB): peak = 1093.207 ; gain = 0.000
INFO: [Opt 31-389] Phase Post Processing Netlist created 0 cells and removed 0 cells

Starting Connectivity Check Task

Time (s): cpu = 00:00:00 ; elapsed = 00:00:00 . Memory (MB): peak = 1093.207 ; gain = 0.000
Ending Logic Optimization Task | Checksum: 100e38ae8

Time (s): cpu = 00:00:00 ; elapsed = 00:00:00.008 . Memory (MB): peak = 1093.207 ; gain = 0.000

Starting Power Optimization Task
INFO: [Pwropt 34-132] Skipping clock gating for clocks with a period < 2.00 ns.
Ending Power Optimization Task | Checksum: 100e38ae8

Time (s): cpu = 00:00:00 ; elapsed = 00:00:00.005 . Memory (MB): peak = 1093.207 ; gain = 0.000
INFO: [Common 17-83] Releasing license: Implementation
23 Infos, 1 Warnings, 1 Critical Warnings and 0 Errors encountered.
opt_design completed successfully
opt_design: Time (s): cpu = 00:00:09 ; elapsed = 00:00:11 . Memory (MB): peak = 1093.207 ; gain = 511.727
INFO: [Timing 38-480] Writing timing data to binary archive.
Writing placer database...
Writing XDEF routing.
Writing XDEF routing logical nets.
Writing XDEF routing special nets.
Write XDEF Complete: Time (s): cpu = 00:00:00 ; elapsed = 00:00:00.026 . Memory (MB): peak = 1093.207 ; gain = 0.000
INFO: [Common 17-1381] The checkpoint 'D:/UOM/2nd Semester/Computer organization and Digital Design/Lab_3/Lab_3.runs/impl_1/HA_opt.dcp' has been generated.
INFO: [runtcl-4] Executing : report_drc -file HA_drc_opted.rpt -pb HA_drc_opted.pb -rpx HA_drc_opted.rpx
Command: report_drc -file HA_drc_opted.rpt -pb HA_drc_opted.pb -rpx HA_drc_opted.rpx
INFO: [IP_Flow 19-234] Refreshing IP repositories
INFO: [IP_Flow 19-1704] No user IP repositories specified
INFO: [IP_Flow 19-2313] Loaded Vivado IP repository 'D:/Xilinx_Vivado/Vivado/2018.1/data/ip'.
INFO: [DRC 23-27] Running DRC with 2 threads
INFO: [Coretcl 2-168] The results of DRC are in file D:/UOM/2nd Semester/Computer organization and Digital Design/Lab_3/Lab_3.runs/impl_1/HA_drc_opted.rpt.
report_drc completed successfully
Command: place_design
Attempting to get a license for feature 'Implementation' and/or device 'xc7a35t'
INFO: [Common 17-349] Got license for feature 'Implementation' and/or device 'xc7a35t'
INFO: [DRC 23-27] Running DRC with 2 threads
INFO: [Vivado_Tcl 4-198] DRC finished with 0 Errors
INFO: [Vivado_Tcl 4-199] Please refer to the DRC report (report_drc) for more information.
Running DRC as a precondition to command place_design
INFO: [DRC 23-27] Running DRC with 2 threads
INFO: [Vivado_Tcl 4-198] DRC finished with 0 Errors
INFO: [Vivado_Tcl 4-199] Please refer to the DRC report (report_drc) for more information.

Starting Placer Task
INFO: [Place 30-611] Multithreading enabled for place_design using a maximum of 2 CPUs

Phase 1 Placer Initialization

Phase 1.1 Placer Initialization Netlist Sorting
Netlist sorting complete. Time (s): cpu = 00:00:00 ; elapsed = 00:00:00 . Memory (MB): peak = 1100.699 ; gain = 0.000
Phase 1.1 Placer Initialization Netlist Sorting | Checksum: 7efcf3df

Time (s): cpu = 00:00:00 ; elapsed = 00:00:00.003 . Memory (MB): peak = 1100.699 ; gain = 0.000
Netlist sorting complete. Time (s): cpu = 00:00:00 ; elapsed = 00:00:00 . Memory (MB): peak = 1100.699 ; gain = 0.000

Phase 1.2 IO Placement/ Clock Placement/ Build Placer Device
INFO: [Timing 38-35] Done setting XDC timing constraints.
Phase 1.2 IO Placement/ Clock Placement/ Build Placer Device | Checksum: bfab6f00

Time (s): cpu = 00:00:00 ; elapsed = 00:00:00.425 . Memory (MB): peak = 1119.434 ; gain = 18.734

Phase 1.3 Build Placer Netlist Model
Phase 1.3 Build Placer Netlist Model | Checksum: 107fa1f68

Time (s): cpu = 00:00:00 ; elapsed = 00:00:00.438 . Memory (MB): peak = 1119.434 ; gain = 18.734

Phase 1.4 Constrain Clocks/Macros
Phase 1.4 Constrain Clocks/Macros | Checksum: 107fa1f68

Time (s): cpu = 00:00:00 ; elapsed = 00:00:00.439 . Memory (MB): peak = 1119.434 ; gain = 18.734
Phase 1 Placer Initialization | Checksum: 107fa1f68

Time (s): cpu = 00:00:00 ; elapsed = 00:00:00.440 . Memory (MB): peak = 1119.434 ; gain = 18.734

Phase 2 Global Placement
Phase 2 Global Placement | Checksum: 194fc3acf

Time (s): cpu = 00:00:00 ; elapsed = 00:00:00.757 . Memory (MB): peak = 1119.434 ; gain = 18.734

Phase 3 Detail Placement

Phase 3.1 Commit Multi Column Macros
Phase 3.1 Commit Multi Column Macros | Checksum: 194fc3acf

Time (s): cpu = 00:00:00 ; elapsed = 00:00:00.758 . Memory (MB): peak = 1119.434 ; gain = 18.734

Phase 3.2 Commit Most Macros & LUTRAMs
Phase 3.2 Commit Most Macros & LUTRAMs | Checksum: 15d430c87

Time (s): cpu = 00:00:00 ; elapsed = 00:00:00.770 . Memory (MB): peak = 1119.434 ; gain = 18.734

Phase 3.3 Area Swap Optimization
Phase 3.3 Area Swap Optimization | Checksum: 194fc3acf

Time (s): cpu = 00:00:00 ; elapsed = 00:00:00.775 . Memory (MB): peak = 1119.434 ; gain = 18.734

Phase 3.4 Pipeline Register Optimization
Phase 3.4 Pipeline Register Optimization | Checksum: 194fc3acf

Time (s): cpu = 00:00:00 ; elapsed = 00:00:00.776 . Memory (MB): peak = 1119.434 ; gain = 18.734

Phase 3.5 Small Shape Detail Placement
Phase 3.5 Small Shape Detail Placement | Checksum: 17462fbe5

Time (s): cpu = 00:00:01 ; elapsed = 00:00:01 . Memory (MB): peak = 1122.219 ; gain = 21.520

Phase 3.6 Re-assign LUT pins
Phase 3.6 Re-assign LUT pins | Checksum: 17462fbe5

Time (s): cpu = 00:00:01 ; elapsed = 00:00:01 . Memory (MB): peak = 1122.219 ; gain = 21.520

Phase 3.7 Pipeline Register Optimization
Phase 3.7 Pipeline Register Optimization | Checksum: 17462fbe5

Time (s): cpu = 00:00:01 ; elapsed = 00:00:01 . Memory (MB): peak = 1122.219 ; gain = 21.520
Phase 3 Detail Placement | Checksum: 17462fbe5

Time (s): cpu = 00:00:01 ; elapsed = 00:00:01 . Memory (MB): peak = 1122.219 ; gain = 21.520

Phase 4 Post Placement Optimization and Clean-Up

Phase 4.1 Post Commit Optimization
Phase 4.1 Post Commit Optimization | Checksum: 17462fbe5

Time (s): cpu = 00:00:01 ; elapsed = 00:00:01 . Memory (MB): peak = 1122.219 ; gain = 21.520

Phase 4.2 Post Placement Cleanup
Phase 4.2 Post Placement Cleanup | Checksum: 17462fbe5

Time (s): cpu = 00:00:01 ; elapsed = 00:00:01 . Memory (MB): peak = 1122.219 ; gain = 21.520

Phase 4.3 Placer Reporting
Phase 4.3 Placer Reporting | Checksum: 17462fbe5

Time (s): cpu = 00:00:01 ; elapsed = 00:00:01 . Memory (MB): peak = 1122.219 ; gain = 21.520

Phase 4.4 Final Placement Cleanup
Phase 4.4 Final Placement Cleanup | Checksum: 17462fbe5

Time (s): cpu = 00:00:01 ; elapsed = 00:00:01 . Memory (MB): peak = 1122.219 ; gain = 21.520
Phase 4 Post Placement Optimization and Clean-Up | Checksum: 17462fbe5

Time (s): cpu = 00:00:01 ; elapsed = 00:00:01 . Memory (MB): peak = 1122.219 ; gain = 21.520
Ending Placer Task | Checksum: 10d2ec290

Time (s): cpu = 00:00:01 ; elapsed = 00:00:01 . Memory (MB): peak = 1122.219 ; gain = 21.520
INFO: [Common 17-83] Releasing license: Implementation
41 Infos, 1 Warnings, 1 Critical Warnings and 0 Errors encountered.
place_design completed successfully
INFO: [Timing 38-480] Writing timing data to binary archive.
Writing placer database...
Writing XDEF routing.
Writing XDEF routing logical nets.
Writing XDEF routing special nets.
Write XDEF Complete: Time (s): cpu = 00:00:00 ; elapsed = 00:00:00.031 . Memory (MB): peak = 1122.609 ; gain = 0.391
INFO: [Common 17-1381] The checkpoint 'D:/UOM/2nd Semester/Computer organization and Digital Design/Lab_3/Lab_3.runs/impl_1/HA_placed.dcp' has been generated.
INFO: [runtcl-4] Executing : report_io -file HA_io_placed.rpt
report_io: Time (s): cpu = 00:00:00 ; elapsed = 00:00:00.024 . Memory (MB): peak = 1134.723 ; gain = 0.000
INFO: [runtcl-4] Executing : report_utilization -file HA_utilization_placed.rpt -pb HA_utilization_placed.pb
report_utilization: Time (s): cpu = 00:00:00 ; elapsed = 00:00:00.018 . Memory (MB): peak = 1134.723 ; gain = 0.000
INFO: [runtcl-4] Executing : report_control_sets -verbose -file HA_control_sets_placed.rpt
report_control_sets: Time (s): cpu = 00:00:00 ; elapsed = 00:00:00.001 . Memory (MB): peak = 1134.723 ; gain = 0.000
Command: route_design
Attempting to get a license for feature 'Implementation' and/or device 'xc7a35t'
INFO: [Common 17-349] Got license for feature 'Implementation' and/or device 'xc7a35t'
Running DRC as a precondition to command route_design
INFO: [DRC 23-27] Running DRC with 2 threads
INFO: [Vivado_Tcl 4-198] DRC finished with 0 Errors
INFO: [Vivado_Tcl 4-199] Please refer to the DRC report (report_drc) for more information.


Starting Routing Task
INFO: [Route 35-254] Multithreading enabled for route_design using a maximum of 2 CPUs
Checksum: PlaceDB: f77950a8 ConstDB: 0 ShapeSum: 15b571e8 RouteDB: 0

Phase 1 Build RT Design
Phase 1 Build RT Design | Checksum: 1092d98c2

Time (s): cpu = 00:00:18 ; elapsed = 00:00:16 . Memory (MB): peak = 1255.023 ; gain = 120.301
Post Restoration Checksum: NetGraph: 61296548 NumContArr: a804337a Constraints: 0 Timing: 0

Phase 2 Router Initialization
INFO: [Route 35-64] No timing constraints were detected. The router will operate in resource-optimization mode.

Phase 2.1 Fix Topology Constraints
Phase 2.1 Fix Topology Constraints | Checksum: 1092d98c2

Time (s): cpu = 00:00:18 ; elapsed = 00:00:16 . Memory (MB): peak = 1261.070 ; gain = 126.348

Phase 2.2 Pre Route Cleanup
Phase 2.2 Pre Route Cleanup | Checksum: 1092d98c2

Time (s): cpu = 00:00:18 ; elapsed = 00:00:16 . Memory (MB): peak = 1261.070 ; gain = 126.348
 Number of Nodes with overlaps = 0
Phase 2 Router Initialization | Checksum: bfe9c28e

Time (s): cpu = 00:00:18 ; elapsed = 00:00:16 . Memory (MB): peak = 1262.766 ; gain = 128.043

Phase 3 Initial Routing
 Number of Nodes with overlaps = 0
Phase 3 Initial Routing | Checksum: 153c1a141

Time (s): cpu = 00:00:19 ; elapsed = 00:00:16 . Memory (MB): peak = 1262.766 ; gain = 128.043

Phase 4 Rip-up And Reroute

Phase 4.1 Global Iteration 0
Phase 4.1 Global Iteration 0 | Checksum: 153c1a141

Time (s): cpu = 00:00:19 ; elapsed = 00:00:16 . Memory (MB): peak = 1262.766 ; gain = 128.043
Phase 4 Rip-up And Reroute | Checksum: 153c1a141

Time (s): cpu = 00:00:19 ; elapsed = 00:00:16 . Memory (MB): peak = 1262.766 ; gain = 128.043

Phase 5 Delay and Skew Optimization
Phase 5 Delay and Skew Optimization | Checksum: 153c1a141

Time (s): cpu = 00:00:19 ; elapsed = 00:00:16 . Memory (MB): peak = 1262.766 ; gain = 128.043

Phase 6 Post Hold Fix

Phase 6.1 Hold Fix Iter
Phase 6.1 Hold Fix Iter | Checksum: 153c1a141

Time (s): cpu = 00:00:19 ; elapsed = 00:00:16 . Memory (MB): peak = 1262.766 ; gain = 128.043
Phase 6 Post Hold Fix | Checksum: 153c1a141

Time (s): cpu = 00:00:19 ; elapsed = 00:00:16 . Memory (MB): peak = 1262.766 ; gain = 128.043

Phase 7 Route finalize

Router Utilization Summary
  Global Vertical Routing Utilization    = 0.00581998 %
  Global Horizontal Routing Utilization  = 0.00130141 %
  Routable Net Status*
  *Does not include unroutable nets such as driverless and loadless.
  Run report_route_status for detailed report.
  Number of Failed Nets               = 0
  Number of Unrouted Nets             = 0
  Number of Partially Routed Nets     = 0
  Number of Node Overlaps             = 0

Congestion Report
North Dir 1x1 Area, Max Cong = 16.2162%, No Congested Regions.
South Dir 1x1 Area, Max Cong = 16.2162%, No Congested Regions.
East Dir 1x1 Area, Max Cong = 2.94118%, No Congested Regions.
West Dir 1x1 Area, Max Cong = 2.94118%, No Congested Regions.

------------------------------
Reporting congestion hotspots
------------------------------
Direction: North
----------------
Congested clusters found at Level 0
Effective congestion level: 0 Aspect Ratio: 1 Sparse Ratio: 0
Direction: South
----------------
Congested clusters found at Level 0
Effective congestion level: 0 Aspect Ratio: 1 Sparse Ratio: 0
Direction: East
----------------
Congested clusters found at Level 0
Effective congestion level: 0 Aspect Ratio: 1 Sparse Ratio: 0
Direction: West
----------------
Congested clusters found at Level 0
Effective congestion level: 0 Aspect Ratio: 1 Sparse Ratio: 0

Phase 7 Route finalize | Checksum: 153c1a141

Time (s): cpu = 00:00:19 ; elapsed = 00:00:16 . Memory (MB): peak = 1262.766 ; gain = 128.043

Phase 8 Verifying routed nets

 Verification completed successfully
Phase 8 Verifying routed nets | Checksum: 153c1a141

Time (s): cpu = 00:00:19 ; elapsed = 00:00:16 . Memory (MB): peak = 1265.086 ; gain = 130.363

Phase 9 Depositing Routes
Phase 9 Depositing Routes | Checksum: bbde0052

Time (s): cpu = 00:00:19 ; elapsed = 00:00:16 . Memory (MB): peak = 1265.086 ; gain = 130.363
INFO: [Route 35-16] Router Completed Successfully

Time (s): cpu = 00:00:19 ; elapsed = 00:00:16 . Memory (MB): peak = 1265.086 ; gain = 130.363

Routing Is Done.
INFO: [Common 17-83] Releasing license: Implementation
54 Infos, 1 Warnings, 1 Critical Warnings and 0 Errors encountered.
route_design completed successfully
route_design: Time (s): cpu = 00:00:19 ; elapsed = 00:00:17 . Memory (MB): peak = 1265.086 ; gain = 130.363
INFO: [Timing 38-480] Writing timing data to binary archive.
Writing placer database...
Writing XDEF routing.
Writing XDEF routing logical nets.
Writing XDEF routing special nets.
Write XDEF Complete: Time (s): cpu = 00:00:00 ; elapsed = 00:00:00.029 . Memory (MB): peak = 1265.086 ; gain = 0.000
INFO: [Common 17-1381] The checkpoint 'D:/UOM/2nd Semester/Computer organization and Digital Design/Lab_3/Lab_3.runs/impl_1/HA_routed.dcp' has been generated.
INFO: [runtcl-4] Executing : report_drc -file HA_drc_routed.rpt -pb HA_drc_routed.pb -rpx HA_drc_routed.rpx
Command: report_drc -file HA_drc_routed.rpt -pb HA_drc_routed.pb -rpx HA_drc_routed.rpx
INFO: [DRC 23-27] Running DRC with 2 threads
INFO: [Coretcl 2-168] The results of DRC are in file D:/UOM/2nd Semester/Computer organization and Digital Design/Lab_3/Lab_3.runs/impl_1/HA_drc_routed.rpt.
report_drc completed successfully
INFO: [runtcl-4] Executing : report_methodology -file HA_methodology_drc_routed.rpt -pb HA_methodology_drc_routed.pb -rpx HA_methodology_drc_routed.rpx
Command: report_methodology -file HA_methodology_drc_routed.rpt -pb HA_methodology_drc_routed.pb -rpx HA_methodology_drc_routed.rpx
INFO: [Timing 38-35] Done setting XDC timing constraints.
INFO: [Timing 38-35] Done setting XDC timing constraints.
INFO: [DRC 23-133] Running Methodology with 2 threads
INFO: [Coretcl 2-1520] The results of Report Methodology are in file D:/UOM/2nd Semester/Computer organization and Digital Design/Lab_3/Lab_3.runs/impl_1/HA_methodology_drc_routed.rpt.
report_methodology completed successfully
INFO: [runtcl-4] Executing : report_power -file HA_power_routed.rpt -pb HA_power_summary_routed.pb -rpx HA_power_routed.rpx
Command: report_power -file HA_power_routed.rpt -pb HA_power_summary_routed.pb -rpx HA_power_routed.rpx
WARNING: [Power 33-232] No user defined clocks were found in the design!
Resolution: Please specify clocks using create_clock/create_generated_clock for sequential elements. For pure combinatorial circuits, please specify a virtual clock, otherwise the vectorless estimation might be inaccurate
INFO: [Timing 38-35] Done setting XDC timing constraints.
Running Vector-less Activity Propagation...

Finished Running Vector-less Activity Propagation
66 Infos, 2 Warnings, 1 Critical Warnings and 0 Errors encountered.
report_power completed successfully
INFO: [runtcl-4] Executing : report_route_status -file HA_route_status.rpt -pb HA_route_status.pb
INFO: [runtcl-4] Executing : report_timing_summary -max_paths 10 -file HA_timing_summary_routed.rpt -pb HA_timing_summary_routed.pb -rpx HA_timing_summary_routed.rpx -warn_on_violation 
INFO: [Timing 38-91] UpdateTimingParams: Speed grade: -1, Delay Type: min_max, Timing Stage: Requireds.
INFO: [Timing 38-191] Multithreading enabled for timing update using a maximum of 2 CPUs
WARNING: [Timing 38-313] There are no user specified timing constraints. Timing constraints are needed for proper timing analysis.
INFO: [runtcl-4] Executing : report_incremental_reuse -file HA_incremental_reuse_routed.rpt
INFO: [Vivado_Tcl 4-545] No incremental reuse to report, no incremental placement and routing data was found.
INFO: [runtcl-4] Executing : report_clock_utilization -file HA_clock_utilization_routed.rpt
INFO: [runtcl-4] Executing : report_bus_skew -warn_on_violation -file route_report_bus_skew_0.rpt -rpx route_report_bus_skew_0.rpx
INFO: [Timing 38-91] UpdateTimingParams: Speed grade: -1, Delay Type: min_max, Timing Stage: Requireds.
INFO: [Timing 38-191] Multithreading enabled for timing update using a maximum of 2 CPUs
INFO: [Common 17-206] Exiting Vivado at Sat Mar 18 00:35:48 2023...
