#-----------------------------------------------------------
# Vivado v2018.1 (64-bit)
# SW Build 2188600 on Wed Apr  4 18:40:38 MDT 2018
# IP Build 2185939 on Wed Apr  4 20:55:05 MDT 2018
# Start of session at: Thu Mar 23 21:31:01 2023
# Process ID: 13772
# Current directory: D:/UOM/2nd Semester/Computer organization and Digital Design/Lab 4/Lab 4 Final with 8  to1 multiplexer
# Command line: vivado.exe -gui_launcher_event rodinguilauncherevent17188 D:\UOM\2nd Semester\Computer organization and Digital Design\Lab 4\Lab 4 Final with 8  to1 multiplexer\Lab_4.xpr
# Log file: D:/UOM/2nd Semester/Computer organization and Digital Design/Lab 4/Lab 4 Final with 8  to1 multiplexer/vivado.log
# Journal file: D:/UOM/2nd Semester/Computer organization and Digital Design/Lab 4/Lab 4 Final with 8  to1 multiplexer\vivado.jou
#-----------------------------------------------------------
start_gui
open_project {D:/UOM/2nd Semester/Computer organization and Digital Design/Lab 4/Lab 4 Final with 8  to1 multiplexer/Lab_4.xpr}
INFO: [ProjectBase 1-489] The host OS only allows 260 characters in a normal path. The project is stored in a path with more than 80 characters. If you experience issues with IP, Block Designs, or files not being found, please consider moving the project to a location with a shorter path. Alternately consider using the OS subst command to map part of the path to a drive letter.
Current project path is 'D:/UOM/2nd Semester/Computer organization and Digital Design/Lab 4/Lab 4 Final with 8  to1 multiplexer'
INFO: [Project 1-313] Project file moved from 'C:/Users/accha/Desktop/Lab 4' since last save.
Scanning sources...
Finished scanning sources
INFO: [IP_Flow 19-234] Refreshing IP repositories
INFO: [IP_Flow 19-1704] No user IP repositories specified
INFO: [IP_Flow 19-2313] Loaded Vivado IP repository 'D:/Xilinx_Vivado/Vivado/2018.1/data/ip'.
open_project: Time (s): cpu = 00:00:07 ; elapsed = 00:00:09 . Memory (MB): peak = 820.770 ; gain = 111.840
update_compile_order -fileset sources_1
exit
INFO: [Common 17-206] Exiting Vivado at Thu Mar 23 21:38:26 2023...
