#-----------------------------------------------------------
# Vivado v2018.1 (64-bit)
# SW Build 2188600 on Wed Apr  4 18:40:38 MDT 2018
# IP Build 2185939 on Wed Apr  4 20:55:05 MDT 2018
# Start of session at: Sat Jun 10 21:00:51 2023
# Process ID: 12928
# Current directory: D:/UOM/2nd Semester/Computer organization and Digital Design/Lab 4/Lab 4 Final with 8  to1 multiplexer
# Command line: vivado.exe -gui_launcher_event rodinguilauncherevent1256 D:\UOM\2nd Semester\Computer organization and Digital Design\Lab 4\Lab 4 Final with 8  to1 multiplexer\Lab_4.xpr
# Log file: D:/UOM/2nd Semester/Computer organization and Digital Design/Lab 4/Lab 4 Final with 8  to1 multiplexer/vivado.log
# Journal file: D:/UOM/2nd Semester/Computer organization and Digital Design/Lab 4/Lab 4 Final with 8  to1 multiplexer\vivado.jou
#-----------------------------------------------------------
start_gui
open_project {D:/UOM/2nd Semester/Computer organization and Digital Design/Lab 4/Lab 4 Final with 8  to1 multiplexer/Lab_4.xpr}
INFO: [ProjectBase 1-489] The host OS only allows 260 characters in a normal path. The project is stored in a path with more than 80 characters. If you experience issues with IP, Block Designs, or files not being found, please consider moving the project to a location with a shorter path. Alternately consider using the OS subst command to map part of the path to a drive letter.
Current project path is 'D:/UOM/2nd Semester/Computer organization and Digital Design/Lab 4/Lab 4 Final with 8  to1 multiplexer'
Scanning sources...
Finished scanning sources
INFO: [IP_Flow 19-234] Refreshing IP repositories
INFO: [IP_Flow 19-1704] No user IP repositories specified
INFO: [IP_Flow 19-2313] Loaded Vivado IP repository 'D:/Xilinx_Vivado/Vivado/2018.1/data/ip'.
update_compile_order -fileset sources_1
exit
INFO: [Common 17-206] Exiting Vivado at Sat Jun 10 21:02:29 2023...
