#-----------------------------------------------------------
# Vivado v2018.1 (64-bit)
# SW Build 2188600 on Wed Apr  4 18:40:38 MDT 2018
# IP Build 2185939 on Wed Apr  4 20:55:05 MDT 2018
# Start of session at: Sat Mar 18 13:16:52 2023
# Process ID: 8036
# Current directory: D:/UOM/2nd Semester/Computer organization and Digital Design/Lab 3/Lab_3 Full Adder only
# Command line: vivado.exe -gui_launcher_event rodinguilauncherevent13136 D:\UOM\2nd Semester\Computer organization and Digital Design\Lab 3\Lab_3 Full Adder only\Lab_3.xpr
# Log file: D:/UOM/2nd Semester/Computer organization and Digital Design/Lab 3/Lab_3 Full Adder only/vivado.log
# Journal file: D:/UOM/2nd Semester/Computer organization and Digital Design/Lab 3/Lab_3 Full Adder only\vivado.jou
#-----------------------------------------------------------
start_gui
open_project {D:/UOM/2nd Semester/Computer organization and Digital Design/Lab 3/Lab_3 Full Adder only/Lab_3.xpr}
INFO: [ProjectBase 1-489] The host OS only allows 260 characters in a normal path. The project is stored in a path with more than 80 characters. If you experience issues with IP, Block Designs, or files not being found, please consider moving the project to a location with a shorter path. Alternately consider using the OS subst command to map part of the path to a drive letter.
Current project path is 'D:/UOM/2nd Semester/Computer organization and Digital Design/Lab 3/Lab_3 Full Adder only'
Scanning sources...
Finished scanning sources
INFO: [IP_Flow 19-234] Refreshing IP repositories
INFO: [IP_Flow 19-1700] Loaded user IP repository 'd:/uom/2nd semester/computer organization and digital design/lab 3/lab_3 full adder only'.
INFO: [IP_Flow 19-2313] Loaded Vivado IP repository 'D:/Xilinx_Vivado/Vivado/2018.1/data/ip'.
open_project: Time (s): cpu = 00:00:08 ; elapsed = 00:00:06 . Memory (MB): peak = 921.449 ; gain = 162.648
update_compile_order -fileset sources_1
exit
INFO: [Common 17-206] Exiting Vivado at Sat Mar 18 13:20:10 2023...
