#-----------------------------------------------------------
# Vivado v2018.1 (64-bit)
# SW Build 2188600 on Wed Apr  4 18:40:38 MDT 2018
# IP Build 2185939 on Wed Apr  4 20:55:05 MDT 2018
# Start of session at: Sun Jun  4 15:03:11 2023
# Process ID: 11296
# Current directory: D:/UOM/2nd Semester/Computer organization and Digital Design/Lab 5/lab5
# Command line: vivado.exe -gui_launcher_event rodinguilauncherevent17988 D:\UOM\2nd Semester\Computer organization and Digital Design\Lab 5\lab5\lab5.xpr
# Log file: D:/UOM/2nd Semester/Computer organization and Digital Design/Lab 5/lab5/vivado.log
# Journal file: D:/UOM/2nd Semester/Computer organization and Digital Design/Lab 5/lab5\vivado.jou
#-----------------------------------------------------------
start_gui
open_project {D:/UOM/2nd Semester/Computer organization and Digital Design/Lab 5/lab5/lab5.xpr}
Scanning sources...
Finished scanning sources
INFO: [IP_Flow 19-234] Refreshing IP repositories
INFO: [IP_Flow 19-1704] No user IP repositories specified
INFO: [IP_Flow 19-2313] Loaded Vivado IP repository 'D:/Xilinx_Vivado/Vivado/2018.1/data/ip'.
update_compile_order -fileset sources_1
exit
INFO: [Common 17-206] Exiting Vivado at Sun Jun  4 15:11:51 2023...
