#-----------------------------------------------------------
# Vivado v2018.1 (64-bit)
# SW Build 2188600 on Wed Apr  4 18:40:38 MDT 2018
# IP Build 2185939 on Wed Apr  4 20:55:05 MDT 2018
# Start of session at: Sun Jun  4 17:30:48 2023
# Process ID: 14128
# Current directory: D:/UOM/2nd Semester/Computer organization and Digital Design/Lab 5/lab5
# Command line: vivado.exe -gui_launcher_event rodinguilauncherevent12464 D:\UOM\2nd Semester\Computer organization and Digital Design\Lab 5\lab5\lab5.xpr
# Log file: D:/UOM/2nd Semester/Computer organization and Digital Design/Lab 5/lab5/vivado.log
# Journal file: D:/UOM/2nd Semester/Computer organization and Digital Design/Lab 5/lab5\vivado.jou
#-----------------------------------------------------------
start_gui
open_project {D:/UOM/2nd Semester/Computer organization and Digital Design/Lab 5/lab5/lab5.xpr}
Scanning sources...
Finished scanning sources
INFO: [IP_Flow 19-234] Refreshing IP repositories
INFO: [IP_Flow 19-1704] No user IP repositories specified
INFO: [IP_Flow 19-2313] Loaded Vivado IP repository 'D:/Xilinx_Vivado/Vivado/2018.1/data/ip'.
update_compile_order -fileset sources_1
set_property top Slow_Clk [current_fileset]
update_compile_order -fileset sources_1
set_property top Slow_Clk_Sim [get_filesets sim_1]
set_property top_lib xil_defaultlib [get_filesets sim_1]
update_compile_order -fileset sim_1
launch_simulation
INFO: [Vivado 12-5682] Launching behavioral simulation in 'D:/UOM/2nd Semester/Computer organization and Digital Design/Lab 5/lab5/lab5.sim/sim_1/behav/xsim'
INFO: [SIM-utils-51] Simulation object is 'sim_1'
INFO: [SIM-utils-54] Inspecting design source files for 'Slow_Clk_Sim' in fileset 'sim_1'...
INFO: [USF-XSim-97] Finding global include files...
INFO: [USF-XSim-98] Fetching design files from 'sim_1'...
INFO: [USF-XSim-2] XSim::Compile design
INFO: [USF-XSim-61] Executing 'COMPILE and ANALYZE' step in 'D:/UOM/2nd Semester/Computer organization and Digital Design/Lab 5/lab5/lab5.sim/sim_1/behav/xsim'
"xvhdl --incr --relax -prj Slow_Clk_Sim_vhdl.prj"
INFO: [USF-XSim-69] 'compile' step finished in '1' seconds
INFO: [USF-XSim-3] XSim::Elaborate design
INFO: [USF-XSim-61] Executing 'ELABORATE' step in 'D:/UOM/2nd Semester/Computer organization and Digital Design/Lab 5/lab5/lab5.sim/sim_1/behav/xsim'
Vivado Simulator 2018.1
Copyright 1986-1999, 2001-2017 Xilinx, Inc. All Rights Reserved.
Running: D:/Xilinx_Vivado/Vivado/2018.1/bin/unwrapped/win64.o/xelab.exe -wto f09f28839df14eb1b52d35f00030b706 --incr --debug typical --relax --mt 2 -L xil_defaultlib -L secureip --snapshot Slow_Clk_Sim_behav xil_defaultlib.Slow_Clk_Sim -log elaborate.log 
Using 2 slave threads.
Starting static elaboration
Completed static elaboration
Starting simulation data flow analysis
Completed simulation data flow analysis
Time Resolution for simulation is 1ps
Compiling package std.standard
Compiling package std.textio
Compiling package ieee.std_logic_1164
Compiling architecture behavioral of entity xil_defaultlib.Slow_Clk [slow_clk_default]
Compiling architecture behavioral of entity xil_defaultlib.slow_clk_sim
Built simulation snapshot Slow_Clk_Sim_behav

****** Webtalk v2018.1 (64-bit)
  **** SW Build 2188600 on Wed Apr  4 18:40:38 MDT 2018
  **** IP Build 2185939 on Wed Apr  4 20:55:05 MDT 2018
    ** Copyright 1986-2018 Xilinx, Inc. All Rights Reserved.

source D:/UOM/2nd -notrace
couldn't read file "D:/UOM/2nd": permission denied
INFO: [Common 17-206] Exiting Webtalk at Sun Jun  4 17:33:00 2023...
INFO: [USF-XSim-69] 'elaborate' step finished in '2' seconds
INFO: [USF-XSim-4] XSim::Simulate design
INFO: [USF-XSim-61] Executing 'SIMULATE' step in 'D:/UOM/2nd Semester/Computer organization and Digital Design/Lab 5/lab5/lab5.sim/sim_1/behav/xsim'
INFO: [USF-XSim-98] *** Running xsim
   with args "Slow_Clk_Sim_behav -key {Behavioral:sim_1:Functional:Slow_Clk_Sim} -tclbatch {Slow_Clk_Sim.tcl} -log {simulate.log}"
INFO: [USF-XSim-8] Loading simulator feature
Vivado Simulator 2018.1
Time resolution is 1 ps
source Slow_Clk_Sim.tcl
# set curr_wave [current_wave_config]
# if { [string length $curr_wave] == 0 } {
#   if { [llength [get_objects]] > 0} {
#     add_wave /
#     set_property needs_save false [current_wave_config]
#   } else {
#      send_msg_id Add_Wave-1 WARNING "No top level signals found. Simulator will start without a wave window. If you want to open a wave window go to 'File->New Waveform Configuration' or type 'create_wave_config' in the TCL console."
#   }
# }
# run 1000ns
INFO: [USF-XSim-96] XSim completed. Design snapshot 'Slow_Clk_Sim_behav' loaded.
INFO: [USF-XSim-97] XSim simulation ran for 1000ns
launch_simulation: Time (s): cpu = 00:00:01 ; elapsed = 00:00:05 . Memory (MB): peak = 905.043 ; gain = 12.688
set_property top Counter [current_fileset]
update_compile_order -fileset sources_1
set_property top Counter_sim [get_filesets sim_1]
set_property top_lib xil_defaultlib [get_filesets sim_1]
update_compile_order -fileset sim_1
close_sim
INFO: [Simtcl 6-16] Simulation closed
exit
INFO: [Common 17-206] Exiting Vivado at Sun Jun  4 17:41:37 2023...
