Copyright 1986-2018 Xilinx, Inc. All Rights Reserved.
-------------------------------------------------------------------------------------
| Tool Version : Vivado v.2018.1 (win64) Build 2188600 Wed Apr  4 18:40:38 MDT 2018
| Date         : Wed May 10 15:51:24 2023
| Host         : Chathuras-MSI running 64-bit major release  (build 9200)
| Command      : report_control_sets -verbose -file AU_7_seg_control_sets_placed.rpt
| Design       : AU_7_seg
| Device       : xc7a35t
-------------------------------------------------------------------------------------

Control Set Information

Table of Contents
-----------------
1. Summary
2. Histogram
3. Flip-Flop Distribution
4. Detailed Control Set Information

1. Summary
----------

+----------------------------------------------------------+-------+
|                          Status                          | Count |
+----------------------------------------------------------+-------+
| Number of unique control sets                            |     4 |
| Unused register locations in slices containing registers |    14 |
+----------------------------------------------------------+-------+


2. Histogram
------------

+--------+--------------+
| Fanout | Control Sets |
+--------+--------------+
|      3 |            1 |
|      4 |            2 |
|    16+ |            1 |
+--------+--------------+


3. Flip-Flop Distribution
-------------------------

+--------------+-----------------------+------------------------+-----------------+--------------+
| Clock Enable | Synchronous Set/Reset | Asynchronous Set/Reset | Total Registers | Total Slices |
+--------------+-----------------------+------------------------+-----------------+--------------+
| No           | No                    | No                     |               3 |            1 |
| No           | No                    | Yes                    |               0 |            0 |
| No           | Yes                   | No                     |              31 |            8 |
| Yes          | No                    | No                     |               8 |            3 |
| Yes          | No                    | Yes                    |               0 |            0 |
| Yes          | Yes                   | No                     |               0 |            0 |
+--------------+-----------------------+------------------------+-----------------+--------------+


4. Detailed Control Set Information
-----------------------------------

+----------------------+---------------+-----------------------------------+------------------+----------------+
|     Clock Signal     | Enable Signal |          Set/Reset Signal         | Slice Load Count | Bel Load Count |
+----------------------+---------------+-----------------------------------+------------------+----------------+
|  Clk_IBUF_BUFG       |               |                                   |                1 |              3 |
|  AU_0/Slow_Clk_0/CLK | AU_0/Reg_B/En |                                   |                1 |              4 |
|  AU_0/Slow_Clk_0/CLK | RegSel_IBUF   |                                   |                2 |              4 |
|  Clk_IBUF_BUFG       |               | AU_0/Slow_Clk_0/count[31]_i_1_n_0 |                8 |             31 |
+----------------------+---------------+-----------------------------------+------------------+----------------+


