#-----------------------------------------------------------
# Vivado v2018.1 (64-bit)
# SW Build 2188600 on Wed Apr  4 18:40:38 MDT 2018
# IP Build 2185939 on Wed Apr  4 20:55:05 MDT 2018
# Start of session at: Sat Apr  8 21:49:05 2023
# Process ID: 20264
# Current directory: D:/UOM/2nd Semester/Computer organization and Digital Design/Lab 5/lab5 - 2nd backup with slow clock - Copy
# Command line: vivado.exe -gui_launcher_event rodinguilauncherevent16932 D:\UOM\2nd Semester\Computer organization and Digital Design\Lab 5\lab5 - 2nd backup with slow clock - Copy\lab5.xpr
# Log file: D:/UOM/2nd Semester/Computer organization and Digital Design/Lab 5/lab5 - 2nd backup with slow clock - Copy/vivado.log
# Journal file: D:/UOM/2nd Semester/Computer organization and Digital Design/Lab 5/lab5 - 2nd backup with slow clock - Copy\vivado.jou
#-----------------------------------------------------------
start_gui
open_project {D:/UOM/2nd Semester/Computer organization and Digital Design/Lab 5/lab5 - 2nd backup with slow clock - Copy/lab5.xpr}
INFO: [ProjectBase 1-489] The host OS only allows 260 characters in a normal path. The project is stored in a path with more than 80 characters. If you experience issues with IP, Block Designs, or files not being found, please consider moving the project to a location with a shorter path. Alternately consider using the OS subst command to map part of the path to a drive letter.
Current project path is 'D:/UOM/2nd Semester/Computer organization and Digital Design/Lab 5/lab5 - 2nd backup with slow clock - Copy'
Scanning sources...
Finished scanning sources
INFO: [IP_Flow 19-234] Refreshing IP repositories
INFO: [IP_Flow 19-1704] No user IP repositories specified
INFO: [IP_Flow 19-2313] Loaded Vivado IP repository 'D:/Xilinx_Vivado/Vivado/2018.1/data/ip'.
update_compile_order -fileset sources_1
set_property SOURCE_SET sources_1 [get_filesets sim_1]
close [ open {D:/UOM/2nd Semester/Computer organization and Digital Design/Lab 5/lab5 - 2nd backup with slow clock - Copy/lab5.srcs/sim_1/new/Counter_sim.vhd} w ]
add_files -fileset sim_1 {{D:/UOM/2nd Semester/Computer organization and Digital Design/Lab 5/lab5 - 2nd backup with slow clock - Copy/lab5.srcs/sim_1/new/Counter_sim.vhd}}
update_compile_order -fileset sim_1
set_property top Counter [current_fileset]
update_compile_order -fileset sources_1
reset_run synth_1
launch_runs synth_1 -jobs 8
[Sat Apr  8 22:03:33 2023] Launched synth_1...
Run output will be captured here: D:/UOM/2nd Semester/Computer organization and Digital Design/Lab 5/lab5 - 2nd backup with slow clock - Copy/lab5.runs/synth_1/runme.log
launch_runs impl_1 -jobs 8
[Sat Apr  8 22:04:20 2023] Launched impl_1...
Run output will be captured here: D:/UOM/2nd Semester/Computer organization and Digital Design/Lab 5/lab5 - 2nd backup with slow clock - Copy/lab5.runs/impl_1/runme.log
open_run impl_1
INFO: [Netlist 29-17] Analyzing 11 Unisim elements for replacement
INFO: [Netlist 29-28] Unisim Transformation completed in 1 CPU seconds
INFO: [Project 1-479] Netlist was created with Vivado 2018.1
INFO: [Device 21-403] Loading part xc7a35tcpg236-1
INFO: [Project 1-570] Preparing netlist for logic optimization
INFO: [Timing 38-478] Restoring timing data from binary archive.
INFO: [Timing 38-479] Binary timing data restore complete.
INFO: [Project 1-856] Restoring constraints from binary archive.
INFO: [Project 1-853] Binary constraint restore complete.
Reading XDEF placement.
Reading placer database...
Reading XDEF routing.
Read XDEF File: Time (s): cpu = 00:00:00 ; elapsed = 00:00:00.025 . Memory (MB): peak = 1730.379 ; gain = 0.000
Restored from archive | CPU: 0.000000 secs | Memory: 0.000000 MB |
Finished XDEF File Restore: Time (s): cpu = 00:00:00 ; elapsed = 00:00:00.025 . Memory (MB): peak = 1730.379 ; gain = 0.000
INFO: [Project 1-111] Unisim Transformation Summary:
No Unisim elements were transformed.

open_run: Time (s): cpu = 00:00:16 ; elapsed = 00:00:18 . Memory (MB): peak = 1830.609 ; gain = 905.762
WARNING: [Timing 38-313] There are no user specified timing constraints. Timing constraints are needed for proper timing analysis.
launch_simulation
INFO: [Vivado 12-5682] Launching behavioral simulation in 'D:/UOM/2nd Semester/Computer organization and Digital Design/Lab 5/lab5 - 2nd backup with slow clock - Copy/lab5.sim/sim_1/behav/xsim'
INFO: [SIM-utils-51] Simulation object is 'sim_1'
INFO: [SIM-utils-54] Inspecting design source files for 'Slow_Clk_Sim' in fileset 'sim_1'...
INFO: [USF-XSim-97] Finding global include files...
INFO: [USF-XSim-98] Fetching design files from 'sim_1'...
INFO: [USF-XSim-2] XSim::Compile design
INFO: [USF-XSim-61] Executing 'COMPILE and ANALYZE' step in 'D:/UOM/2nd Semester/Computer organization and Digital Design/Lab 5/lab5 - 2nd backup with slow clock - Copy/lab5.sim/sim_1/behav/xsim'
"xvhdl --incr --relax -prj Slow_Clk_Sim_vhdl.prj"
INFO: [VRFC 10-163] Analyzing VHDL file "D:/UOM/2nd Semester/Computer organization and Digital Design/Lab 5/lab5 - 2nd backup with slow clock - Copy/lab5.srcs/sources_1/new/Slow_Clk.vhd" into library xil_defaultlib
INFO: [VRFC 10-307] analyzing entity Slow_Clk
INFO: [VRFC 10-163] Analyzing VHDL file "D:/UOM/2nd Semester/Computer organization and Digital Design/Lab 5/lab5 - 2nd backup with slow clock - Copy/lab5.srcs/sim_1/new/Slow_Clk_Sim.vhd" into library xil_defaultlib
INFO: [VRFC 10-307] analyzing entity Slow_Clk_Sim
INFO: [USF-XSim-69] 'compile' step finished in '2' seconds
INFO: [USF-XSim-3] XSim::Elaborate design
INFO: [USF-XSim-61] Executing 'ELABORATE' step in 'D:/UOM/2nd Semester/Computer organization and Digital Design/Lab 5/lab5 - 2nd backup with slow clock - Copy/lab5.sim/sim_1/behav/xsim'
Vivado Simulator 2018.1
Copyright 1986-1999, 2001-2017 Xilinx, Inc. All Rights Reserved.
Running: D:/Xilinx_Vivado/Vivado/2018.1/bin/unwrapped/win64.o/xelab.exe -wto f09f28839df14eb1b52d35f00030b706 --incr --debug typical --relax --mt 2 -L xil_defaultlib -L secureip --snapshot Slow_Clk_Sim_behav xil_defaultlib.Slow_Clk_Sim -log elaborate.log 
Using 2 slave threads.
Starting static elaboration
Completed static elaboration
Starting simulation data flow analysis
Completed simulation data flow analysis
Time Resolution for simulation is 1ps
Compiling package std.standard
Compiling package std.textio
Compiling package ieee.std_logic_1164
Compiling architecture behavioral of entity xil_defaultlib.Slow_Clk [slow_clk_default]
Compiling architecture behavioral of entity xil_defaultlib.slow_clk_sim
Built simulation snapshot Slow_Clk_Sim_behav
INFO: [USF-XSim-69] 'elaborate' step finished in '1' seconds
INFO: [USF-XSim-4] XSim::Simulate design
INFO: [USF-XSim-61] Executing 'SIMULATE' step in 'D:/UOM/2nd Semester/Computer organization and Digital Design/Lab 5/lab5 - 2nd backup with slow clock - Copy/lab5.sim/sim_1/behav/xsim'
INFO: [USF-XSim-98] *** Running xsim
   with args "Slow_Clk_Sim_behav -key {Behavioral:sim_1:Functional:Slow_Clk_Sim} -tclbatch {Slow_Clk_Sim.tcl} -log {simulate.log}"
INFO: [USF-XSim-8] Loading simulator feature
Vivado Simulator 2018.1
Time resolution is 1 ps
source Slow_Clk_Sim.tcl
# set curr_wave [current_wave_config]
# if { [string length $curr_wave] == 0 } {
#   if { [llength [get_objects]] > 0} {
#     add_wave /
#     set_property needs_save false [current_wave_config]
#   } else {
#      send_msg_id Add_Wave-1 WARNING "No top level signals found. Simulator will start without a wave window. If you want to open a wave window go to 'File->New Waveform Configuration' or type 'create_wave_config' in the TCL console."
#   }
# }
# run 1000ns
INFO: [USF-XSim-96] XSim completed. Design snapshot 'Slow_Clk_Sim_behav' loaded.
INFO: [USF-XSim-97] XSim simulation ran for 1000ns
set_property top Counter_sim [get_filesets sim_1]
set_property top_lib xil_defaultlib [get_filesets sim_1]
launch_simulation
INFO: [Vivado 12-5682] Launching behavioral simulation in 'D:/UOM/2nd Semester/Computer organization and Digital Design/Lab 5/lab5 - 2nd backup with slow clock - Copy/lab5.sim/sim_1/behav/xsim'
INFO: [SIM-utils-51] Simulation object is 'sim_1'
INFO: [SIM-utils-54] Inspecting design source files for 'Counter_sim' in fileset 'sim_1'...
INFO: [USF-XSim-97] Finding global include files...
INFO: [USF-XSim-98] Fetching design files from 'sim_1'...
INFO: [USF-XSim-2] XSim::Compile design
INFO: [USF-XSim-61] Executing 'COMPILE and ANALYZE' step in 'D:/UOM/2nd Semester/Computer organization and Digital Design/Lab 5/lab5 - 2nd backup with slow clock - Copy/lab5.sim/sim_1/behav/xsim'
"xvhdl --incr --relax -prj Counter_sim_vhdl.prj"
INFO: [VRFC 10-163] Analyzing VHDL file "D:/UOM/2nd Semester/Computer organization and Digital Design/Lab 5/lab5 - 2nd backup with slow clock - Copy/lab5.srcs/sources_1/new/Counter.vhd" into library xil_defaultlib
INFO: [VRFC 10-307] analyzing entity Counter
INFO: [VRFC 10-163] Analyzing VHDL file "D:/UOM/2nd Semester/Computer organization and Digital Design/Lab 5/lab5 - 2nd backup with slow clock - Copy/lab5.srcs/sources_1/new/D_FF.vhd" into library xil_defaultlib
INFO: [VRFC 10-307] analyzing entity D_FF
INFO: [VRFC 10-163] Analyzing VHDL file "D:/UOM/2nd Semester/Computer organization and Digital Design/Lab 5/lab5 - 2nd backup with slow clock - Copy/lab5.srcs/sim_1/new/Counter_sim.vhd" into library xil_defaultlib
INFO: [VRFC 10-307] analyzing entity Counter_sim
INFO: [USF-XSim-69] 'compile' step finished in '2' seconds
INFO: [USF-XSim-3] XSim::Elaborate design
INFO: [USF-XSim-61] Executing 'ELABORATE' step in 'D:/UOM/2nd Semester/Computer organization and Digital Design/Lab 5/lab5 - 2nd backup with slow clock - Copy/lab5.sim/sim_1/behav/xsim'
Vivado Simulator 2018.1
Copyright 1986-1999, 2001-2017 Xilinx, Inc. All Rights Reserved.
Running: D:/Xilinx_Vivado/Vivado/2018.1/bin/unwrapped/win64.o/xelab.exe -wto f09f28839df14eb1b52d35f00030b706 --incr --debug typical --relax --mt 2 -L xil_defaultlib -L secureip --snapshot Counter_sim_behav xil_defaultlib.Counter_sim -log elaborate.log 
Using 2 slave threads.
Starting static elaboration
Completed static elaboration
Starting simulation data flow analysis
Completed simulation data flow analysis
Time Resolution for simulation is 1ps
Compiling package std.standard
Compiling package std.textio
Compiling package ieee.std_logic_1164
Compiling architecture behavioral of entity xil_defaultlib.Slow_Clk [slow_clk_default]
Compiling architecture behavioral of entity xil_defaultlib.D_FF [d_ff_default]
Compiling architecture behavioral of entity xil_defaultlib.Counter [counter_default]
Compiling architecture behavioral of entity xil_defaultlib.counter_sim
Built simulation snapshot Counter_sim_behav
ERROR: [Common 17-165] Too many positional options when parsing '-notrace', please type 'webtalk -help' for usage info.

INFO: [USF-XSim-69] 'elaborate' step finished in '1' seconds
INFO: [USF-XSim-4] XSim::Simulate design
INFO: [USF-XSim-61] Executing 'SIMULATE' step in 'D:/UOM/2nd Semester/Computer organization and Digital Design/Lab 5/lab5 - 2nd backup with slow clock - Copy/lab5.sim/sim_1/behav/xsim'
INFO: [USF-XSim-98] *** Running xsim
   with args "Counter_sim_behav -key {Behavioral:sim_1:Functional:Counter_sim} -tclbatch {Counter_sim.tcl} -log {simulate.log}"
INFO: [USF-XSim-8] Loading simulator feature
Vivado Simulator 2018.1
Time resolution is 1 ps
source Counter_sim.tcl
# set curr_wave [current_wave_config]
# if { [string length $curr_wave] == 0 } {
#   if { [llength [get_objects]] > 0} {
#     add_wave /
#     set_property needs_save false [current_wave_config]
#   } else {
#      send_msg_id Add_Wave-1 WARNING "No top level signals found. Simulator will start without a wave window. If you want to open a wave window go to 'File->New Waveform Configuration' or type 'create_wave_config' in the TCL console."
#   }
# }
# run 1000ns
INFO: [USF-XSim-96] XSim completed. Design snapshot 'Counter_sim_behav' loaded.
INFO: [USF-XSim-97] XSim simulation ran for 1000ns
update_compile_order -fileset sim_1
close_sim
INFO: [Simtcl 6-16] Simulation closed
launch_simulation
INFO: [Vivado 12-5682] Launching behavioral simulation in 'D:/UOM/2nd Semester/Computer organization and Digital Design/Lab 5/lab5 - 2nd backup with slow clock - Copy/lab5.sim/sim_1/behav/xsim'
INFO: [SIM-utils-51] Simulation object is 'sim_1'
INFO: [SIM-utils-54] Inspecting design source files for 'Counter_sim' in fileset 'sim_1'...
INFO: [USF-XSim-97] Finding global include files...
INFO: [USF-XSim-98] Fetching design files from 'sim_1'...
INFO: [USF-XSim-2] XSim::Compile design
INFO: [USF-XSim-61] Executing 'COMPILE and ANALYZE' step in 'D:/UOM/2nd Semester/Computer organization and Digital Design/Lab 5/lab5 - 2nd backup with slow clock - Copy/lab5.sim/sim_1/behav/xsim'
"xvhdl --incr --relax -prj Counter_sim_vhdl.prj"
INFO: [VRFC 10-163] Analyzing VHDL file "D:/UOM/2nd Semester/Computer organization and Digital Design/Lab 5/lab5 - 2nd backup with slow clock - Copy/lab5.srcs/sim_1/new/Counter_sim.vhd" into library xil_defaultlib
INFO: [VRFC 10-307] analyzing entity Counter_sim
INFO: [USF-XSim-69] 'compile' step finished in '1' seconds
INFO: [USF-XSim-3] XSim::Elaborate design
INFO: [USF-XSim-61] Executing 'ELABORATE' step in 'D:/UOM/2nd Semester/Computer organization and Digital Design/Lab 5/lab5 - 2nd backup with slow clock - Copy/lab5.sim/sim_1/behav/xsim'
Vivado Simulator 2018.1
Copyright 1986-1999, 2001-2017 Xilinx, Inc. All Rights Reserved.
Running: D:/Xilinx_Vivado/Vivado/2018.1/bin/unwrapped/win64.o/xelab.exe -wto f09f28839df14eb1b52d35f00030b706 --incr --debug typical --relax --mt 2 -L xil_defaultlib -L secureip --snapshot Counter_sim_behav xil_defaultlib.Counter_sim -log elaborate.log 
Using 2 slave threads.
Starting static elaboration
Completed static elaboration
Starting simulation data flow analysis
Completed simulation data flow analysis
Time Resolution for simulation is 1ps
Compiling package std.standard
Compiling package std.textio
Compiling package ieee.std_logic_1164
Compiling architecture behavioral of entity xil_defaultlib.Slow_Clk [slow_clk_default]
Compiling architecture behavioral of entity xil_defaultlib.D_FF [d_ff_default]
Compiling architecture behavioral of entity xil_defaultlib.Counter [counter_default]
Compiling architecture behavioral of entity xil_defaultlib.counter_sim
Built simulation snapshot Counter_sim_behav
INFO: [USF-XSim-69] 'elaborate' step finished in '1' seconds
INFO: [USF-XSim-4] XSim::Simulate design
INFO: [USF-XSim-61] Executing 'SIMULATE' step in 'D:/UOM/2nd Semester/Computer organization and Digital Design/Lab 5/lab5 - 2nd backup with slow clock - Copy/lab5.sim/sim_1/behav/xsim'
INFO: [USF-XSim-98] *** Running xsim
   with args "Counter_sim_behav -key {Behavioral:sim_1:Functional:Counter_sim} -tclbatch {Counter_sim.tcl} -log {simulate.log}"
INFO: [USF-XSim-8] Loading simulator feature
Vivado Simulator 2018.1
Time resolution is 1 ps
source Counter_sim.tcl
# set curr_wave [current_wave_config]
# if { [string length $curr_wave] == 0 } {
#   if { [llength [get_objects]] > 0} {
#     add_wave /
#     set_property needs_save false [current_wave_config]
#   } else {
#      send_msg_id Add_Wave-1 WARNING "No top level signals found. Simulator will start without a wave window. If you want to open a wave window go to 'File->New Waveform Configuration' or type 'create_wave_config' in the TCL console."
#   }
# }
# run 1000ns
INFO: [USF-XSim-96] XSim completed. Design snapshot 'Counter_sim_behav' loaded.
INFO: [USF-XSim-97] XSim simulation ran for 1000ns
close_sim
INFO: [Simtcl 6-16] Simulation closed
close_sim
INFO: [Simtcl 6-16] Simulation closed
exit
INFO: [Common 17-206] Exiting Vivado at Sat Apr  8 22:08:22 2023...
